[2017-02-01 14:41:17] local.ERROR: exception 'PDOException' with message 'SQLSTATE[42000]: Syntax error or access violation: 1067 Invalid default value for 'time_out'' in /home/khilmandev/Desktop/myattend/vendor/laravel/framework/src/Illuminate/Database/Connection.php:480
Stack trace:
#0 /home/khilmandev/Desktop/myattend/vendor/laravel/framework/src/Illuminate/Database/Connection.php(480): PDOStatement->execute()
#1 /home/khilmandev/Desktop/myattend/vendor/laravel/framework/src/Illuminate/Database/Connection.php(763): Illuminate\Database\Connection->Illuminate\Database\{closure}(Object(Illuminate\Database\MySqlConnection), 'create table `a...', Array)
#2 /home/khilmandev/Desktop/myattend/vendor/laravel/framework/src/Illuminate/Database/Connection.php(726): Illuminate\Database\Connection->runQueryCallback('create table `a...', Array, Object(Closure))
#3 /home/khilmandev/Desktop/myattend/vendor/laravel/framework/src/Illuminate/Database/Connection.php(481): Illuminate\Database\Connection->run('create table `a...', Array, Object(Closure))
#4 /home/khilmandev/Desktop/myattend/vendor/laravel/framework/src/Illuminate/Database/Schema/Blueprint.php(83): Illuminate\Database\Connection->statement('create table `a...')
#5 /home/khilmandev/Desktop/myattend/vendor/laravel/framework/src/Illuminate/Database/Schema/Builder.php(229): Illuminate\Database\Schema\Blueprint->build(Object(Illuminate\Database\MySqlConnection), Object(Illuminate\Database\Schema\Grammars\MySqlGrammar))
#6 /home/khilmandev/Desktop/myattend/vendor/laravel/framework/src/Illuminate/Database/Schema/Builder.php(148): Illuminate\Database\Schema\Builder->build(Object(Illuminate\Database\Schema\Blueprint))
#7 /home/khilmandev/Desktop/myattend/vendor/laravel/framework/src/Illuminate/Support/Facades/Facade.php(237): Illuminate\Database\Schema\Builder->create('absen', Object(Closure))
#8 /home/khilmandev/Desktop/myattend/database/migrations/2017_02_01_143706_CreateTableAbsen.php(24): Illuminate\Support\Facades\Facade::__callStatic('create', Array)
#9 /home/khilmandev/Desktop/myattend/database/migrations/2017_02_01_143706_CreateTableAbsen.php(24): Illuminate\Support\Facades\Schema::create('absen', Object(Closure))
#10 /home/khilmandev/Desktop/myattend/vendor/laravel/framework/src/Illuminate/Database/Migrations/Migrator.php(373): CreateTableAbsen->up()
#11 /home/khilmandev/Desktop/myattend/vendor/laravel/framework/src/Illuminate/Database/Migrations/Migrator.php(380): Illuminate\Database\Migrations\Migrator->Illuminate\Database\Migrations\{closure}()
#12 /home/khilmandev/Desktop/myattend/vendor/laravel/framework/src/Illuminate/Database/Migrations/Migrator.php(162): Illuminate\Database\Migrations\Migrator->runMigration(Object(CreateTableAbsen), 'up')
#13 /home/khilmandev/Desktop/myattend/vendor/laravel/framework/src/Illuminate/Database/Migrations/Migrator.php(130): Illuminate\Database\Migrations\Migrator->runUp('/home/khilmande...', 1, false)
#14 /home/khilmandev/Desktop/myattend/vendor/laravel/framework/src/Illuminate/Database/Migrations/Migrator.php(97): Illuminate\Database\Migrations\Migrator->runMigrationList(Array, Array)
#15 /home/khilmandev/Desktop/myattend/vendor/laravel/framework/src/Illuminate/Database/Console/Migrations/MigrateCommand.php(66): Illuminate\Database\Migrations\Migrator->run(Array, Array)
#16 [internal function]: Illuminate\Database\Console\Migrations\MigrateCommand->fire()
#17 /home/khilmandev/Desktop/myattend/vendor/laravel/framework/src/Illuminate/Container/Container.php(508): call_user_func_array(Array, Array)
#18 /home/khilmandev/Desktop/myattend/vendor/laravel/framework/src/Illuminate/Console/Command.php(169): Illuminate\Container\Container->call(Array)
#19 /home/khilmandev/Desktop/myattend/vendor/symfony/console/Command/Command.php(261): Illuminate\Console\Command->execute(Object(Symfony\Component\Console\Input\ArgvInput), Object(Symfony\Component\Console\Output\ConsoleOutput))
#20 /home/khilmandev/Desktop/myattend/vendor/laravel/framework/src/Illuminate/Console/Command.php(155): Symfony\Component\Console\Command\Command->run(Object(Symfony\Component\Console\Input\ArgvInput), Object(Symfony\Component\Console\Output\ConsoleOutput))
#21 /home/khilmandev/Desktop/myattend/vendor/symfony/console/Application.php(817): Illuminate\Console\Command->run(Object(Symfony\Component\Console\Input\ArgvInput), Object(Symfony\Component\Console\Output\ConsoleOutput))
#22 /home/khilmandev/Desktop/myattend/vendor/symfony/console/Application.php(185): Symfony\Component\Console\Application->doRunCommand(Object(Illuminate\Database\Console\Migrations\MigrateCommand), Object(Symfony\Component\Console\Input\ArgvInput), Object(Symfony\Component\Console\Output\ConsoleOutput))
#23 /home/khilmandev/Desktop/myattend/vendor/symfony/console/Application.php(116): Symfony\Component\Console\Application->doRun(Object(Symfony\Component\Console\Input\ArgvInput), Object(Symfony\Component\Console\Output\ConsoleOutput))
#24 /home/khilmandev/Desktop/myattend/vendor/laravel/framework/src/Illuminate/Foundation/Console/Kernel.php(121): Symfony\Component\Console\Application->run(Object(Symfony\Component\Console\Input\ArgvInput), Object(Symfony\Component\Console\Output\ConsoleOutput))
#25 /home/khilmandev/Desktop/myattend/artisan(36): Illuminate\Foundation\Console\Kernel->handle(Object(Symfony\Component\Console\Input\ArgvInput), Object(Symfony\Component\Console\Output\ConsoleOutput))
#26 {main}

Next exception 'Illuminate\Database\QueryException' with message 'SQLSTATE[42000]: Syntax error or access violation: 1067 Invalid default value for 'time_out' (SQL: create table `absen` (`id` int unsigned not null auto_increment primary key, `user_id` int not null, `date` date not null, `time_in` time not null, `time_out` time null default 'NULL', `note` varchar(255) null default 'NULL', `created_at` timestamp null, `updated_at` timestamp null) default character set utf8 collate utf8_unicode_ci)' in /home/khilmandev/Desktop/myattend/vendor/laravel/framework/src/Illuminate/Database/Connection.php:770
Stack trace:
#0 /home/khilmandev/Desktop/myattend/vendor/laravel/framework/src/Illuminate/Database/Connection.php(726): Illuminate\Database\Connection->runQueryCallback('create table `a...', Array, Object(Closure))
#1 /home/khilmandev/Desktop/myattend/vendor/laravel/framework/src/Illuminate/Database/Connection.php(481): Illuminate\Database\Connection->run('create table `a...', Array, Object(Closure))
#2 /home/khilmandev/Desktop/myattend/vendor/laravel/framework/src/Illuminate/Database/Schema/Blueprint.php(83): Illuminate\Database\Connection->statement('create table `a...')
#3 /home/khilmandev/Desktop/myattend/vendor/laravel/framework/src/Illuminate/Database/Schema/Builder.php(229): Illuminate\Database\Schema\Blueprint->build(Object(Illuminate\Database\MySqlConnection), Object(Illuminate\Database\Schema\Grammars\MySqlGrammar))
#4 /home/khilmandev/Desktop/myattend/vendor/laravel/framework/src/Illuminate/Database/Schema/Builder.php(148): Illuminate\Database\Schema\Builder->build(Object(Illuminate\Database\Schema\Blueprint))
#5 /home/khilmandev/Desktop/myattend/vendor/laravel/framework/src/Illuminate/Support/Facades/Facade.php(237): Illuminate\Database\Schema\Builder->create('absen', Object(Closure))
#6 /home/khilmandev/Desktop/myattend/database/migrations/2017_02_01_143706_CreateTableAbsen.php(24): Illuminate\Support\Facades\Facade::__callStatic('create', Array)
#7 /home/khilmandev/Desktop/myattend/database/migrations/2017_02_01_143706_CreateTableAbsen.php(24): Illuminate\Support\Facades\Schema::create('absen', Object(Closure))
#8 /home/khilmandev/Desktop/myattend/vendor/laravel/framework/src/Illuminate/Database/Migrations/Migrator.php(373): CreateTableAbsen->up()
#9 /home/khilmandev/Desktop/myattend/vendor/laravel/framework/src/Illuminate/Database/Migrations/Migrator.php(380): Illuminate\Database\Migrations\Migrator->Illuminate\Database\Migrations\{closure}()
#10 /home/khilmandev/Desktop/myattend/vendor/laravel/framework/src/Illuminate/Database/Migrations/Migrator.php(162): Illuminate\Database\Migrations\Migrator->runMigration(Object(CreateTableAbsen), 'up')
#11 /home/khilmandev/Desktop/myattend/vendor/laravel/framework/src/Illuminate/Database/Migrations/Migrator.php(130): Illuminate\Database\Migrations\Migrator->runUp('/home/khilmande...', 1, false)
#12 /home/khilmandev/Desktop/myattend/vendor/laravel/framework/src/Illuminate/Database/Migrations/Migrator.php(97): Illuminate\Database\Migrations\Migrator->runMigrationList(Array, Array)
#13 /home/khilmandev/Desktop/myattend/vendor/laravel/framework/src/Illuminate/Database/Console/Migrations/MigrateCommand.php(66): Illuminate\Database\Migrations\Migrator->run(Array, Array)
#14 [internal function]: Illuminate\Database\Console\Migrations\MigrateCommand->fire()
#15 /home/khilmandev/Desktop/myattend/vendor/laravel/framework/src/Illuminate/Container/Container.php(508): call_user_func_array(Array, Array)
#16 /home/khilmandev/Desktop/myattend/vendor/laravel/framework/src/Illuminate/Console/Command.php(169): Illuminate\Container\Container->call(Array)
#17 /home/khilmandev/Desktop/myattend/vendor/symfony/console/Command/Command.php(261): Illuminate\Console\Command->execute(Object(Symfony\Component\Console\Input\ArgvInput), Object(Symfony\Component\Console\Output\ConsoleOutput))
#18 /home/khilmandev/Desktop/myattend/vendor/laravel/framework/src/Illuminate/Console/Command.php(155): Symfony\Component\Console\Command\Command->run(Object(Symfony\Component\Console\Input\ArgvInput), Object(Symfony\Component\Console\Output\ConsoleOutput))
#19 /home/khilmandev/Desktop/myattend/vendor/symfony/console/Application.php(817): Illuminate\Console\Command->run(Object(Symfony\Component\Console\Input\ArgvInput), Object(Symfony\Component\Console\Output\ConsoleOutput))
#20 /home/khilmandev/Desktop/myattend/vendor/symfony/console/Application.php(185): Symfony\Component\Console\Application->doRunCommand(Object(Illuminate\Database\Console\Migrations\MigrateCommand), Object(Symfony\Component\Console\Input\ArgvInput), Object(Symfony\Component\Console\Output\ConsoleOutput))
#21 /home/khilmandev/Desktop/myattend/vendor/symfony/console/Application.php(116): Symfony\Component\Console\Application->doRun(Object(Symfony\Component\Console\Input\ArgvInput), Object(Symfony\Component\Console\Output\ConsoleOutput))
#22 /home/khilmandev/Desktop/myattend/vendor/laravel/framework/src/Illuminate/Foundation/Console/Kernel.php(121): Symfony\Component\Console\Application->run(Object(Symfony\Component\Console\Input\ArgvInput), Object(Symfony\Component\Console\Output\ConsoleOutput))
#23 /home/khilmandev/Desktop/myattend/artisan(36): Illuminate\Foundation\Console\Kernel->handle(Object(Symfony\Component\Console\Input\ArgvInput), Object(Symfony\Component\Console\Output\ConsoleOutput))
#24 {main}  
[2017-02-01 14:41:48] local.ERROR: exception 'PDOException' with message 'SQLSTATE[42000]: Syntax error or access violation: 1067 Invalid default value for 'time_out'' in /home/khilmandev/Desktop/myattend/vendor/laravel/framework/src/Illuminate/Database/Connection.php:480
Stack trace:
#0 /home/khilmandev/Desktop/myattend/vendor/laravel/framework/src/Illuminate/Database/Connection.php(480): PDOStatement->execute()
#1 /home/khilmandev/Desktop/myattend/vendor/laravel/framework/src/Illuminate/Database/Connection.php(763): Illuminate\Database\Connection->Illuminate\Database\{closure}(Object(Illuminate\Database\MySqlConnection), 'create table `a...', Array)
#2 /home/khilmandev/Desktop/myattend/vendor/laravel/framework/src/Illuminate/Database/Connection.php(726): Illuminate\Database\Connection->runQueryCallback('create table `a...', Array, Object(Closure))
#3 /home/khilmandev/Desktop/myattend/vendor/laravel/framework/src/Illuminate/Database/Connection.php(481): Illuminate\Database\Connection->run('create table `a...', Array, Object(Closure))
#4 /home/khilmandev/Desktop/myattend/vendor/laravel/framework/src/Illuminate/Database/Schema/Blueprint.php(83): Illuminate\Database\Connection->statement('create table `a...')
#5 /home/khilmandev/Desktop/myattend/vendor/laravel/framework/src/Illuminate/Database/Schema/Builder.php(229): Illuminate\Database\Schema\Blueprint->build(Object(Illuminate\Database\MySqlConnection), Object(Illuminate\Database\Schema\Grammars\MySqlGrammar))
#6 /home/khilmandev/Desktop/myattend/vendor/laravel/framework/src/Illuminate/Database/Schema/Builder.php(148): Illuminate\Database\Schema\Builder->build(Object(Illuminate\Database\Schema\Blueprint))
#7 /home/khilmandev/Desktop/myattend/vendor/laravel/framework/src/Illuminate/Support/Facades/Facade.php(237): Illuminate\Database\Schema\Builder->create('absen', Object(Closure))
#8 /home/khilmandev/Desktop/myattend/database/migrations/2017_02_01_143706_CreateTableAbsen.php(24): Illuminate\Support\Facades\Facade::__callStatic('create', Array)
#9 /home/khilmandev/Desktop/myattend/database/migrations/2017_02_01_143706_CreateTableAbsen.php(24): Illuminate\Support\Facades\Schema::create('absen', Object(Closure))
#10 /home/khilmandev/Desktop/myattend/vendor/laravel/framework/src/Illuminate/Database/Migrations/Migrator.php(373): CreateTableAbsen->up()
#11 /home/khilmandev/Desktop/myattend/vendor/laravel/framework/src/Illuminate/Database/Migrations/Migrator.php(380): Illuminate\Database\Migrations\Migrator->Illuminate\Database\Migrations\{closure}()
#12 /home/khilmandev/Desktop/myattend/vendor/laravel/framework/src/Illuminate/Database/Migrations/Migrator.php(162): Illuminate\Database\Migrations\Migrator->runMigration(Object(CreateTableAbsen), 'up')
#13 /home/khilmandev/Desktop/myattend/vendor/laravel/framework/src/Illuminate/Database/Migrations/Migrator.php(130): Illuminate\Database\Migrations\Migrator->runUp('/home/khilmande...', 2, false)
#14 /home/khilmandev/Desktop/myattend/vendor/laravel/framework/src/Illuminate/Database/Migrations/Migrator.php(97): Illuminate\Database\Migrations\Migrator->runMigrationList(Array, Array)
#15 /home/khilmandev/Desktop/myattend/vendor/laravel/framework/src/Illuminate/Database/Console/Migrations/MigrateCommand.php(66): Illuminate\Database\Migrations\Migrator->run(Array, Array)
#16 [internal function]: Illuminate\Database\Console\Migrations\MigrateCommand->fire()
#17 /home/khilmandev/Desktop/myattend/vendor/laravel/framework/src/Illuminate/Container/Container.php(508): call_user_func_array(Array, Array)
#18 /home/khilmandev/Desktop/myattend/vendor/laravel/framework/src/Illuminate/Console/Command.php(169): Illuminate\Container\Container->call(Array)
#19 /home/khilmandev/Desktop/myattend/vendor/symfony/console/Command/Command.php(261): Illuminate\Console\Command->execute(Object(Symfony\Component\Console\Input\ArgvInput), Object(Symfony\Component\Console\Output\ConsoleOutput))
#20 /home/khilmandev/Desktop/myattend/vendor/laravel/framework/src/Illuminate/Console/Command.php(155): Symfony\Component\Console\Command\Command->run(Object(Symfony\Component\Console\Input\ArgvInput), Object(Symfony\Component\Console\Output\ConsoleOutput))
#21 /home/khilmandev/Desktop/myattend/vendor/symfony/console/Application.php(817): Illuminate\Console\Command->run(Object(Symfony\Component\Console\Input\ArgvInput), Object(Symfony\Component\Console\Output\ConsoleOutput))
#22 /home/khilmandev/Desktop/myattend/vendor/symfony/console/Application.php(185): Symfony\Component\Console\Application->doRunCommand(Object(Illuminate\Database\Console\Migrations\MigrateCommand), Object(Symfony\Component\Console\Input\ArgvInput), Object(Symfony\Component\Console\Output\ConsoleOutput))
#23 /home/khilmandev/Desktop/myattend/vendor/symfony/console/Application.php(116): Symfony\Component\Console\Application->doRun(Object(Symfony\Component\Console\Input\ArgvInput), Object(Symfony\Component\Console\Output\ConsoleOutput))
#24 /home/khilmandev/Desktop/myattend/vendor/laravel/framework/src/Illuminate/Foundation/Console/Kernel.php(121): Symfony\Component\Console\Application->run(Object(Symfony\Component\Console\Input\ArgvInput), Object(Symfony\Component\Console\Output\ConsoleOutput))
#25 /home/khilmandev/Desktop/myattend/artisan(36): Illuminate\Foundation\Console\Kernel->handle(Object(Symfony\Component\Console\Input\ArgvInput), Object(Symfony\Component\Console\Output\ConsoleOutput))
#26 {main}

Next exception 'Illuminate\Database\QueryException' with message 'SQLSTATE[42000]: Syntax error or access violation: 1067 Invalid default value for 'time_out' (SQL: create table `absen` (`id` int unsigned not null auto_increment primary key, `user_id` int not null, `date` date not null, `time_in` time not null, `time_out` time not null default 'NULL', `note` varchar(255) not null default 'NULL', `created_at` timestamp null, `updated_at` timestamp null) default character set utf8 collate utf8_unicode_ci)' in /home/khilmandev/Desktop/myattend/vendor/laravel/framework/src/Illuminate/Database/Connection.php:770
Stack trace:
#0 /home/khilmandev/Desktop/myattend/vendor/laravel/framework/src/Illuminate/Database/Connection.php(726): Illuminate\Database\Connection->runQueryCallback('create table `a...', Array, Object(Closure))
#1 /home/khilmandev/Desktop/myattend/vendor/laravel/framework/src/Illuminate/Database/Connection.php(481): Illuminate\Database\Connection->run('create table `a...', Array, Object(Closure))
#2 /home/khilmandev/Desktop/myattend/vendor/laravel/framework/src/Illuminate/Database/Schema/Blueprint.php(83): Illuminate\Database\Connection->statement('create table `a...')
#3 /home/khilmandev/Desktop/myattend/vendor/laravel/framework/src/Illuminate/Database/Schema/Builder.php(229): Illuminate\Database\Schema\Blueprint->build(Object(Illuminate\Database\MySqlConnection), Object(Illuminate\Database\Schema\Grammars\MySqlGrammar))
#4 /home/khilmandev/Desktop/myattend/vendor/laravel/framework/src/Illuminate/Database/Schema/Builder.php(148): Illuminate\Database\Schema\Builder->build(Object(Illuminate\Database\Schema\Blueprint))
#5 /home/khilmandev/Desktop/myattend/vendor/laravel/framework/src/Illuminate/Support/Facades/Facade.php(237): Illuminate\Database\Schema\Builder->create('absen', Object(Closure))
#6 /home/khilmandev/Desktop/myattend/database/migrations/2017_02_01_143706_CreateTableAbsen.php(24): Illuminate\Support\Facades\Facade::__callStatic('create', Array)
#7 /home/khilmandev/Desktop/myattend/database/migrations/2017_02_01_143706_CreateTableAbsen.php(24): Illuminate\Support\Facades\Schema::create('absen', Object(Closure))
#8 /home/khilmandev/Desktop/myattend/vendor/laravel/framework/src/Illuminate/Database/Migrations/Migrator.php(373): CreateTableAbsen->up()
#9 /home/khilmandev/Desktop/myattend/vendor/laravel/framework/src/Illuminate/Database/Migrations/Migrator.php(380): Illuminate\Database\Migrations\Migrator->Illuminate\Database\Migrations\{closure}()
#10 /home/khilmandev/Desktop/myattend/vendor/laravel/framework/src/Illuminate/Database/Migrations/Migrator.php(162): Illuminate\Database\Migrations\Migrator->runMigration(Object(CreateTableAbsen), 'up')
#11 /home/khilmandev/Desktop/myattend/vendor/laravel/framework/src/Illuminate/Database/Migrations/Migrator.php(130): Illuminate\Database\Migrations\Migrator->runUp('/home/khilmande...', 2, false)
#12 /home/khilmandev/Desktop/myattend/vendor/laravel/framework/src/Illuminate/Database/Migrations/Migrator.php(97): Illuminate\Database\Migrations\Migrator->runMigrationList(Array, Array)
#13 /home/khilmandev/Desktop/myattend/vendor/laravel/framework/src/Illuminate/Database/Console/Migrations/MigrateCommand.php(66): Illuminate\Database\Migrations\Migrator->run(Array, Array)
#14 [internal function]: Illuminate\Database\Console\Migrations\MigrateCommand->fire()
#15 /home/khilmandev/Desktop/myattend/vendor/laravel/framework/src/Illuminate/Container/Container.php(508): call_user_func_array(Array, Array)
#16 /home/khilmandev/Desktop/myattend/vendor/laravel/framework/src/Illuminate/Console/Command.php(169): Illuminate\Container\Container->call(Array)
#17 /home/khilmandev/Desktop/myattend/vendor/symfony/console/Command/Command.php(261): Illuminate\Console\Command->execute(Object(Symfony\Component\Console\Input\ArgvInput), Object(Symfony\Component\Console\Output\ConsoleOutput))
#18 /home/khilmandev/Desktop/myattend/vendor/laravel/framework/src/Illuminate/Console/Command.php(155): Symfony\Component\Console\Command\Command->run(Object(Symfony\Component\Console\Input\ArgvInput), Object(Symfony\Component\Console\Output\ConsoleOutput))
#19 /home/khilmandev/Desktop/myattend/vendor/symfony/console/Application.php(817): Illuminate\Console\Command->run(Object(Symfony\Component\Console\Input\ArgvInput), Object(Symfony\Component\Console\Output\ConsoleOutput))
#20 /home/khilmandev/Desktop/myattend/vendor/symfony/console/Application.php(185): Symfony\Component\Console\Application->doRunCommand(Object(Illuminate\Database\Console\Migrations\MigrateCommand), Object(Symfony\Component\Console\Input\ArgvInput), Object(Symfony\Component\Console\Output\ConsoleOutput))
#21 /home/khilmandev/Desktop/myattend/vendor/symfony/console/Application.php(116): Symfony\Component\Console\Application->doRun(Object(Symfony\Component\Console\Input\ArgvInput), Object(Symfony\Component\Console\Output\ConsoleOutput))
#22 /home/khilmandev/Desktop/myattend/vendor/laravel/framework/src/Illuminate/Foundation/Console/Kernel.php(121): Symfony\Component\Console\Application->run(Object(Symfony\Component\Console\Input\ArgvInput), Object(Symfony\Component\Console\Output\ConsoleOutput))
#23 /home/khilmandev/Desktop/myattend/artisan(36): Illuminate\Foundation\Console\Kernel->handle(Object(Symfony\Component\Console\Input\ArgvInput), Object(Symfony\Component\Console\Output\ConsoleOutput))
#24 {main}  
[2017-02-01 14:49:37] local.ERROR: exception 'Symfony\Component\Debug\Exception\FatalErrorException' with message 'Call to undefined function csrf_filed()' in /home/khilmandev/Desktop/myattend/storage/framework/views/981e6e888129af6aab3f616f10281f39e0217c17.php:11
Stack trace:
#0 {main}  
[2017-02-01 15:03:55] local.ERROR: exception 'PDOException' with message 'SQLSTATE[22007]: Invalid datetime format: 1292 Incorrect time value: 'NULL' for column 'time_out' at row 1' in /home/khilmandev/Desktop/myattend/vendor/laravel/framework/src/Illuminate/Database/Connection.php:480
Stack trace:
#0 /home/khilmandev/Desktop/myattend/vendor/laravel/framework/src/Illuminate/Database/Connection.php(480): PDOStatement->execute()
#1 /home/khilmandev/Desktop/myattend/vendor/laravel/framework/src/Illuminate/Database/Connection.php(763): Illuminate\Database\Connection->Illuminate\Database\{closure}(Object(Illuminate\Database\MySqlConnection), 'insert into `ab...', Array)
#2 /home/khilmandev/Desktop/myattend/vendor/laravel/framework/src/Illuminate/Database/Connection.php(726): Illuminate\Database\Connection->runQueryCallback('insert into `ab...', Array, Object(Closure))
#3 /home/khilmandev/Desktop/myattend/vendor/laravel/framework/src/Illuminate/Database/Connection.php(481): Illuminate\Database\Connection->run('insert into `ab...', Array, Object(Closure))
#4 /home/khilmandev/Desktop/myattend/vendor/laravel/framework/src/Illuminate/Database/Connection.php(435): Illuminate\Database\Connection->statement('insert into `ab...', Array)
#5 /home/khilmandev/Desktop/myattend/vendor/laravel/framework/src/Illuminate/Database/Query/Processors/Processor.php(32): Illuminate\Database\Connection->insert('insert into `ab...', Array)
#6 /home/khilmandev/Desktop/myattend/vendor/laravel/framework/src/Illuminate/Database/Query/Builder.php(2154): Illuminate\Database\Query\Processors\Processor->processInsertGetId(Object(Illuminate\Database\Query\Builder), 'insert into `ab...', Array, 'id')
#7 /home/khilmandev/Desktop/myattend/vendor/laravel/framework/src/Illuminate/Database/Eloquent/Builder.php(1470): Illuminate\Database\Query\Builder->insertGetId(Array, 'id')
#8 /home/khilmandev/Desktop/myattend/vendor/laravel/framework/src/Illuminate/Database/Eloquent/Model.php(1609): Illuminate\Database\Eloquent\Builder->__call('insertGetId', Array)
#9 /home/khilmandev/Desktop/myattend/vendor/laravel/framework/src/Illuminate/Database/Eloquent/Model.php(1609): Illuminate\Database\Eloquent\Builder->insertGetId(Array, 'id')
#10 /home/khilmandev/Desktop/myattend/vendor/laravel/framework/src/Illuminate/Database/Eloquent/Model.php(1574): Illuminate\Database\Eloquent\Model->insertAndSetId(Object(Illuminate\Database\Eloquent\Builder), Array)
#11 /home/khilmandev/Desktop/myattend/vendor/laravel/framework/src/Illuminate/Database/Eloquent/Model.php(1471): Illuminate\Database\Eloquent\Model->performInsert(Object(Illuminate\Database\Eloquent\Builder))
#12 /home/khilmandev/Desktop/myattend/vendor/laravel/framework/src/Illuminate/Database/Eloquent/Model.php(561): Illuminate\Database\Eloquent\Model->save()
#13 /home/khilmandev/Desktop/myattend/app/Http/Controllers/HomeController.php(42): Illuminate\Database\Eloquent\Model::create(Array)
#14 [internal function]: App\Http\Controllers\HomeController->absen(Object(Illuminate\Http\Request))
#15 /home/khilmandev/Desktop/myattend/vendor/laravel/framework/src/Illuminate/Routing/Controller.php(55): call_user_func_array(Array, Array)
#16 /home/khilmandev/Desktop/myattend/vendor/laravel/framework/src/Illuminate/Routing/ControllerDispatcher.php(44): Illuminate\Routing\Controller->callAction('absen', Array)
#17 /home/khilmandev/Desktop/myattend/vendor/laravel/framework/src/Illuminate/Routing/Route.php(190): Illuminate\Routing\ControllerDispatcher->dispatch(Object(Illuminate\Routing\Route), Object(App\Http\Controllers\HomeController), 'absen')
#18 /home/khilmandev/Desktop/myattend/vendor/laravel/framework/src/Illuminate/Routing/Route.php(144): Illuminate\Routing\Route->runController()
#19 /home/khilmandev/Desktop/myattend/vendor/laravel/framework/src/Illuminate/Routing/Router.php(653): Illuminate\Routing\Route->run(Object(Illuminate\Http\Request))
#20 /home/khilmandev/Desktop/myattend/vendor/laravel/framework/src/Illuminate/Routing/Pipeline.php(53): Illuminate\Routing\Router->Illuminate\Routing\{closure}(Object(Illuminate\Http\Request))
#21 /home/khilmandev/Desktop/myattend/vendor/laravel/framework/src/Illuminate/Routing/Middleware/SubstituteBindings.php(41): Illuminate\Routing\Pipeline->Illuminate\Routing\{closure}(Object(Illuminate\Http\Request))
#22 /home/khilmandev/Desktop/myattend/vendor/laravel/framework/src/Illuminate/Pipeline/Pipeline.php(137): Illuminate\Routing\Middleware\SubstituteBindings->handle(Object(Illuminate\Http\Request), Object(Closure))
#23 /home/khilmandev/Desktop/myattend/vendor/laravel/framework/src/Illuminate/Routing/Pipeline.php(33): Illuminate\Pipeline\Pipeline->Illuminate\Pipeline\{closure}(Object(Illuminate\Http\Request))
#24 /home/khilmandev/Desktop/myattend/vendor/laravel/framework/src/Illuminate/Auth/Middleware/Authenticate.php(43): Illuminate\Routing\Pipeline->Illuminate\Routing\{closure}(Object(Illuminate\Http\Request))
#25 /home/khilmandev/Desktop/myattend/vendor/laravel/framework/src/Illuminate/Pipeline/Pipeline.php(137): Illuminate\Auth\Middleware\Authenticate->handle(Object(Illuminate\Http\Request), Object(Closure))
#26 /home/khilmandev/Desktop/myattend/vendor/laravel/framework/src/Illuminate/Routing/Pipeline.php(33): Illuminate\Pipeline\Pipeline->Illuminate\Pipeline\{closure}(Object(Illuminate\Http\Request))
#27 /home/khilmandev/Desktop/myattend/vendor/laravel/framework/src/Illuminate/Foundation/Http/Middleware/VerifyCsrfToken.php(65): Illuminate\Routing\Pipeline->Illuminate\Routing\{closure}(Object(Illuminate\Http\Request))
#28 /home/khilmandev/Desktop/myattend/vendor/laravel/framework/src/Illuminate/Pipeline/Pipeline.php(137): Illuminate\Foundation\Http\Middleware\VerifyCsrfToken->handle(Object(Illuminate\Http\Request), Object(Closure))
#29 /home/khilmandev/Desktop/myattend/vendor/laravel/framework/src/Illuminate/Routing/Pipeline.php(33): Illuminate\Pipeline\Pipeline->Illuminate\Pipeline\{closure}(Object(Illuminate\Http\Request))
#30 /home/khilmandev/Desktop/myattend/vendor/laravel/framework/src/Illuminate/View/Middleware/ShareErrorsFromSession.php(49): Illuminate\Routing\Pipeline->Illuminate\Routing\{closure}(Object(Illuminate\Http\Request))
#31 /home/khilmandev/Desktop/myattend/vendor/laravel/framework/src/Illuminate/Pipeline/Pipeline.php(137): Illuminate\View\Middleware\ShareErrorsFromSession->handle(Object(Illuminate\Http\Request), Object(Closure))
#32 /home/khilmandev/Desktop/myattend/vendor/laravel/framework/src/Illuminate/Routing/Pipeline.php(33): Illuminate\Pipeline\Pipeline->Illuminate\Pipeline\{closure}(Object(Illuminate\Http\Request))
#33 /home/khilmandev/Desktop/myattend/vendor/laravel/framework/src/Illuminate/Session/Middleware/StartSession.php(64): Illuminate\Routing\Pipeline->Illuminate\Routing\{closure}(Object(Illuminate\Http\Request))
#34 /home/khilmandev/Desktop/myattend/vendor/laravel/framework/src/Illuminate/Pipeline/Pipeline.php(137): Illuminate\Session\Middleware\StartSession->handle(Object(Illuminate\Http\Request), Object(Closure))
#35 /home/khilmandev/Desktop/myattend/vendor/laravel/framework/src/Illuminate/Routing/Pipeline.php(33): Illuminate\Pipeline\Pipeline->Illuminate\Pipeline\{closure}(Object(Illuminate\Http\Request))
#36 /home/khilmandev/Desktop/myattend/vendor/laravel/framework/src/Illuminate/Cookie/Middleware/AddQueuedCookiesToResponse.php(37): Illuminate\Routing\Pipeline->Illuminate\Routing\{closure}(Object(Illuminate\Http\Request))
#37 /home/khilmandev/Desktop/myattend/vendor/laravel/framework/src/Illuminate/Pipeline/Pipeline.php(137): Illuminate\Cookie\Middleware\AddQueuedCookiesToResponse->handle(Object(Illuminate\Http\Request), Object(Closure))
#38 /home/khilmandev/Desktop/myattend/vendor/laravel/framework/src/Illuminate/Routing/Pipeline.php(33): Illuminate\Pipeline\Pipeline->Illuminate\Pipeline\{closure}(Object(Illuminate\Http\Request))
#39 /home/khilmandev/Desktop/myattend/vendor/laravel/framework/src/Illuminate/Cookie/Middleware/EncryptCookies.php(59): Illuminate\Routing\Pipeline->Illuminate\Routing\{closure}(Object(Illuminate\Http\Request))
#40 /home/khilmandev/Desktop/myattend/vendor/laravel/framework/src/Illuminate/Pipeline/Pipeline.php(137): Illuminate\Cookie\Middleware\EncryptCookies->handle(Object(Illuminate\Http\Request), Object(Closure))
#41 /home/khilmandev/Desktop/myattend/vendor/laravel/framework/src/Illuminate/Routing/Pipeline.php(33): Illuminate\Pipeline\Pipeline->Illuminate\Pipeline\{closure}(Object(Illuminate\Http\Request))
#42 /home/khilmandev/Desktop/myattend/vendor/laravel/framework/src/Illuminate/Pipeline/Pipeline.php(104): Illuminate\Routing\Pipeline->Illuminate\Routing\{closure}(Object(Illuminate\Http\Request))
#43 /home/khilmandev/Desktop/myattend/vendor/laravel/framework/src/Illuminate/Routing/Router.php(655): Illuminate\Pipeline\Pipeline->then(Object(Closure))
#44 /home/khilmandev/Desktop/myattend/vendor/laravel/framework/src/Illuminate/Routing/Router.php(629): Illuminate\Routing\Router->runRouteWithinStack(Object(Illuminate\Routing\Route), Object(Illuminate\Http\Request))
#45 /home/khilmandev/Desktop/myattend/vendor/laravel/framework/src/Illuminate/Routing/Router.php(607): Illuminate\Routing\Router->dispatchToRoute(Object(Illuminate\Http\Request))
#46 /home/khilmandev/Desktop/myattend/vendor/laravel/framework/src/Illuminate/Foundation/Http/Kernel.php(268): Illuminate\Routing\Router->dispatch(Object(Illuminate\Http\Request))
#47 /home/khilmandev/Desktop/myattend/vendor/laravel/framework/src/Illuminate/Routing/Pipeline.php(53): Illuminate\Foundation\Http\Kernel->Illuminate\Foundation\Http\{closure}(Object(Illuminate\Http\Request))
#48 /home/khilmandev/Desktop/myattend/vendor/laravel/framework/src/Illuminate/Foundation/Http/Middleware/CheckForMaintenanceMode.php(46): Illuminate\Routing\Pipeline->Illuminate\Routing\{closure}(Object(Illuminate\Http\Request))
#49 /home/khilmandev/Desktop/myattend/vendor/laravel/framework/src/Illuminate/Pipeline/Pipeline.php(137): Illuminate\Foundation\Http\Middleware\CheckForMaintenanceMode->handle(Object(Illuminate\Http\Request), Object(Closure))
#50 /home/khilmandev/Desktop/myattend/vendor/laravel/framework/src/Illuminate/Routing/Pipeline.php(33): Illuminate\Pipeline\Pipeline->Illuminate\Pipeline\{closure}(Object(Illuminate\Http\Request))
#51 /home/khilmandev/Desktop/myattend/vendor/laravel/framework/src/Illuminate/Pipeline/Pipeline.php(104): Illuminate\Routing\Pipeline->Illuminate\Routing\{closure}(Object(Illuminate\Http\Request))
#52 /home/khilmandev/Desktop/myattend/vendor/laravel/framework/src/Illuminate/Foundation/Http/Kernel.php(150): Illuminate\Pipeline\Pipeline->then(Object(Closure))
#53 /home/khilmandev/Desktop/myattend/vendor/laravel/framework/src/Illuminate/Foundation/Http/Kernel.php(117): Illuminate\Foundation\Http\Kernel->sendRequestThroughRouter(Object(Illuminate\Http\Request))
#54 /home/khilmandev/Desktop/myattend/public/index.php(54): Illuminate\Foundation\Http\Kernel->handle(Object(Illuminate\Http\Request))
#55 /home/khilmandev/Desktop/myattend/server.php(21): require_once('/home/khilmande...')
#56 {main}

Next exception 'Illuminate\Database\QueryException' with message 'SQLSTATE[22007]: Invalid datetime format: 1292 Incorrect time value: 'NULL' for column 'time_out' at row 1 (SQL: insert into `absen` (`user_id`, `date`, `time_in`, `time_out`, `note`, `updated_at`, `created_at`) values (1, 2017-02-01, 15:03:55, NULL, , 2017-02-01 15:03:55, 2017-02-01 15:03:55))' in /home/khilmandev/Desktop/myattend/vendor/laravel/framework/src/Illuminate/Database/Connection.php:770
Stack trace:
#0 /home/khilmandev/Desktop/myattend/vendor/laravel/framework/src/Illuminate/Database/Connection.php(726): Illuminate\Database\Connection->runQueryCallback('insert into `ab...', Array, Object(Closure))
#1 /home/khilmandev/Desktop/myattend/vendor/laravel/framework/src/Illuminate/Database/Connection.php(481): Illuminate\Database\Connection->run('insert into `ab...', Array, Object(Closure))
#2 /home/khilmandev/Desktop/myattend/vendor/laravel/framework/src/Illuminate/Database/Connection.php(435): Illuminate\Database\Connection->statement('insert into `ab...', Array)
#3 /home/khilmandev/Desktop/myattend/vendor/laravel/framework/src/Illuminate/Database/Query/Processors/Processor.php(32): Illuminate\Database\Connection->insert('insert into `ab...', Array)
#4 /home/khilmandev/Desktop/myattend/vendor/laravel/framework/src/Illuminate/Database/Query/Builder.php(2154): Illuminate\Database\Query\Processors\Processor->processInsertGetId(Object(Illuminate\Database\Query\Builder), 'insert into `ab...', Array, 'id')
#5 /home/khilmandev/Desktop/myattend/vendor/laravel/framework/src/Illuminate/Database/Eloquent/Builder.php(1470): Illuminate\Database\Query\Builder->insertGetId(Array, 'id')
#6 /home/khilmandev/Desktop/myattend/vendor/laravel/framework/src/Illuminate/Database/Eloquent/Model.php(1609): Illuminate\Database\Eloquent\Builder->__call('insertGetId', Array)
#7 /home/khilmandev/Desktop/myattend/vendor/laravel/framework/src/Illuminate/Database/Eloquent/Model.php(1609): Illuminate\Database\Eloquent\Builder->insertGetId(Array, 'id')
#8 /home/khilmandev/Desktop/myattend/vendor/laravel/framework/src/Illuminate/Database/Eloquent/Model.php(1574): Illuminate\Database\Eloquent\Model->insertAndSetId(Object(Illuminate\Database\Eloquent\Builder), Array)
#9 /home/khilmandev/Desktop/myattend/vendor/laravel/framework/src/Illuminate/Database/Eloquent/Model.php(1471): Illuminate\Database\Eloquent\Model->performInsert(Object(Illuminate\Database\Eloquent\Builder))
#10 /home/khilmandev/Desktop/myattend/vendor/laravel/framework/src/Illuminate/Database/Eloquent/Model.php(561): Illuminate\Database\Eloquent\Model->save()
#11 /home/khilmandev/Desktop/myattend/app/Http/Controllers/HomeController.php(42): Illuminate\Database\Eloquent\Model::create(Array)
#12 [internal function]: App\Http\Controllers\HomeController->absen(Object(Illuminate\Http\Request))
#13 /home/khilmandev/Desktop/myattend/vendor/laravel/framework/src/Illuminate/Routing/Controller.php(55): call_user_func_array(Array, Array)
#14 /home/khilmandev/Desktop/myattend/vendor/laravel/framework/src/Illuminate/Routing/ControllerDispatcher.php(44): Illuminate\Routing\Controller->callAction('absen', Array)
#15 /home/khilmandev/Desktop/myattend/vendor/laravel/framework/src/Illuminate/Routing/Route.php(190): Illuminate\Routing\ControllerDispatcher->dispatch(Object(Illuminate\Routing\Route), Object(App\Http\Controllers\HomeController), 'absen')
#16 /home/khilmandev/Desktop/myattend/vendor/laravel/framework/src/Illuminate/Routing/Route.php(144): Illuminate\Routing\Route->runController()
#17 /home/khilmandev/Desktop/myattend/vendor/laravel/framework/src/Illuminate/Routing/Router.php(653): Illuminate\Routing\Route->run(Object(Illuminate\Http\Request))
#18 /home/khilmandev/Desktop/myattend/vendor/laravel/framework/src/Illuminate/Routing/Pipeline.php(53): Illuminate\Routing\Router->Illuminate\Routing\{closure}(Object(Illuminate\Http\Request))
#19 /home/khilmandev/Desktop/myattend/vendor/laravel/framework/src/Illuminate/Routing/Middleware/SubstituteBindings.php(41): Illuminate\Routing\Pipeline->Illuminate\Routing\{closure}(Object(Illuminate\Http\Request))
#20 /home/khilmandev/Desktop/myattend/vendor/laravel/framework/src/Illuminate/Pipeline/Pipeline.php(137): Illuminate\Routing\Middleware\SubstituteBindings->handle(Object(Illuminate\Http\Request), Object(Closure))
#21 /home/khilmandev/Desktop/myattend/vendor/laravel/framework/src/Illuminate/Routing/Pipeline.php(33): Illuminate\Pipeline\Pipeline->Illuminate\Pipeline\{closure}(Object(Illuminate\Http\Request))
#22 /home/khilmandev/Desktop/myattend/vendor/laravel/framework/src/Illuminate/Auth/Middleware/Authenticate.php(43): Illuminate\Routing\Pipeline->Illuminate\Routing\{closure}(Object(Illuminate\Http\Request))
#23 /home/khilmandev/Desktop/myattend/vendor/laravel/framework/src/Illuminate/Pipeline/Pipeline.php(137): Illuminate\Auth\Middleware\Authenticate->handle(Object(Illuminate\Http\Request), Object(Closure))
#24 /home/khilmandev/Desktop/myattend/vendor/laravel/framework/src/Illuminate/Routing/Pipeline.php(33): Illuminate\Pipeline\Pipeline->Illuminate\Pipeline\{closure}(Object(Illuminate\Http\Request))
#25 /home/khilmandev/Desktop/myattend/vendor/laravel/framework/src/Illuminate/Foundation/Http/Middleware/VerifyCsrfToken.php(65): Illuminate\Routing\Pipeline->Illuminate\Routing\{closure}(Object(Illuminate\Http\Request))
#26 /home/khilmandev/Desktop/myattend/vendor/laravel/framework/src/Illuminate/Pipeline/Pipeline.php(137): Illuminate\Foundation\Http\Middleware\VerifyCsrfToken->handle(Object(Illuminate\Http\Request), Object(Closure))
#27 /home/khilmandev/Desktop/myattend/vendor/laravel/framework/src/Illuminate/Routing/Pipeline.php(33): Illuminate\Pipeline\Pipeline->Illuminate\Pipeline\{closure}(Object(Illuminate\Http\Request))
#28 /home/khilmandev/Desktop/myattend/vendor/laravel/framework/src/Illuminate/View/Middleware/ShareErrorsFromSession.php(49): Illuminate\Routing\Pipeline->Illuminate\Routing\{closure}(Object(Illuminate\Http\Request))
#29 /home/khilmandev/Desktop/myattend/vendor/laravel/framework/src/Illuminate/Pipeline/Pipeline.php(137): Illuminate\View\Middleware\ShareErrorsFromSession->handle(Object(Illuminate\Http\Request), Object(Closure))
#30 /home/khilmandev/Desktop/myattend/vendor/laravel/framework/src/Illuminate/Routing/Pipeline.php(33): Illuminate\Pipeline\Pipeline->Illuminate\Pipeline\{closure}(Object(Illuminate\Http\Request))
#31 /home/khilmandev/Desktop/myattend/vendor/laravel/framework/src/Illuminate/Session/Middleware/StartSession.php(64): Illuminate\Routing\Pipeline->Illuminate\Routing\{closure}(Object(Illuminate\Http\Request))
#32 /home/khilmandev/Desktop/myattend/vendor/laravel/framework/src/Illuminate/Pipeline/Pipeline.php(137): Illuminate\Session\Middleware\StartSession->handle(Object(Illuminate\Http\Request), Object(Closure))
#33 /home/khilmandev/Desktop/myattend/vendor/laravel/framework/src/Illuminate/Routing/Pipeline.php(33): Illuminate\Pipeline\Pipeline->Illuminate\Pipeline\{closure}(Object(Illuminate\Http\Request))
#34 /home/khilmandev/Desktop/myattend/vendor/laravel/framework/src/Illuminate/Cookie/Middleware/AddQueuedCookiesToResponse.php(37): Illuminate\Routing\Pipeline->Illuminate\Routing\{closure}(Object(Illuminate\Http\Request))
#35 /home/khilmandev/Desktop/myattend/vendor/laravel/framework/src/Illuminate/Pipeline/Pipeline.php(137): Illuminate\Cookie\Middleware\AddQueuedCookiesToResponse->handle(Object(Illuminate\Http\Request), Object(Closure))
#36 /home/khilmandev/Desktop/myattend/vendor/laravel/framework/src/Illuminate/Routing/Pipeline.php(33): Illuminate\Pipeline\Pipeline->Illuminate\Pipeline\{closure}(Object(Illuminate\Http\Request))
#37 /home/khilmandev/Desktop/myattend/vendor/laravel/framework/src/Illuminate/Cookie/Middleware/EncryptCookies.php(59): Illuminate\Routing\Pipeline->Illuminate\Routing\{closure}(Object(Illuminate\Http\Request))
#38 /home/khilmandev/Desktop/myattend/vendor/laravel/framework/src/Illuminate/Pipeline/Pipeline.php(137): Illuminate\Cookie\Middleware\EncryptCookies->handle(Object(Illuminate\Http\Request), Object(Closure))
#39 /home/khilmandev/Desktop/myattend/vendor/laravel/framework/src/Illuminate/Routing/Pipeline.php(33): Illuminate\Pipeline\Pipeline->Illuminate\Pipeline\{closure}(Object(Illuminate\Http\Request))
#40 /home/khilmandev/Desktop/myattend/vendor/laravel/framework/src/Illuminate/Pipeline/Pipeline.php(104): Illuminate\Routing\Pipeline->Illuminate\Routing\{closure}(Object(Illuminate\Http\Request))
#41 /home/khilmandev/Desktop/myattend/vendor/laravel/framework/src/Illuminate/Routing/Router.php(655): Illuminate\Pipeline\Pipeline->then(Object(Closure))
#42 /home/khilmandev/Desktop/myattend/vendor/laravel/framework/src/Illuminate/Routing/Router.php(629): Illuminate\Routing\Router->runRouteWithinStack(Object(Illuminate\Routing\Route), Object(Illuminate\Http\Request))
#43 /home/khilmandev/Desktop/myattend/vendor/laravel/framework/src/Illuminate/Routing/Router.php(607): Illuminate\Routing\Router->dispatchToRoute(Object(Illuminate\Http\Request))
#44 /home/khilmandev/Desktop/myattend/vendor/laravel/framework/src/Illuminate/Foundation/Http/Kernel.php(268): Illuminate\Routing\Router->dispatch(Object(Illuminate\Http\Request))
#45 /home/khilmandev/Desktop/myattend/vendor/laravel/framework/src/Illuminate/Routing/Pipeline.php(53): Illuminate\Foundation\Http\Kernel->Illuminate\Foundation\Http\{closure}(Object(Illuminate\Http\Request))
#46 /home/khilmandev/Desktop/myattend/vendor/laravel/framework/src/Illuminate/Foundation/Http/Middleware/CheckForMaintenanceMode.php(46): Illuminate\Routing\Pipeline->Illuminate\Routing\{closure}(Object(Illuminate\Http\Request))
#47 /home/khilmandev/Desktop/myattend/vendor/laravel/framework/src/Illuminate/Pipeline/Pipeline.php(137): Illuminate\Foundation\Http\Middleware\CheckForMaintenanceMode->handle(Object(Illuminate\Http\Request), Object(Closure))
#48 /home/khilmandev/Desktop/myattend/vendor/laravel/framework/src/Illuminate/Routing/Pipeline.php(33): Illuminate\Pipeline\Pipeline->Illuminate\Pipeline\{closure}(Object(Illuminate\Http\Request))
#49 /home/khilmandev/Desktop/myattend/vendor/laravel/framework/src/Illuminate/Pipeline/Pipeline.php(104): Illuminate\Routing\Pipeline->Illuminate\Routing\{closure}(Object(Illuminate\Http\Request))
#50 /home/khilmandev/Desktop/myattend/vendor/laravel/framework/src/Illuminate/Foundation/Http/Kernel.php(150): Illuminate\Pipeline\Pipeline->then(Object(Closure))
#51 /home/khilmandev/Desktop/myattend/vendor/laravel/framework/src/Illuminate/Foundation/Http/Kernel.php(117): Illuminate\Foundation\Http\Kernel->sendRequestThroughRouter(Object(Illuminate\Http\Request))
#52 /home/khilmandev/Desktop/myattend/public/index.php(54): Illuminate\Foundation\Http\Kernel->handle(Object(Illuminate\Http\Request))
#53 /home/khilmandev/Desktop/myattend/server.php(21): require_once('/home/khilmande...')
#54 {main}  
[2017-02-01 22:40:13] local.ERROR: exception 'ErrorException' with message 'Undefined variable: cek_absen' in /home/khilmandev/Desktop/myattend/storage/framework/views/981e6e888129af6aab3f616f10281f39e0217c17.php:6
Stack trace:
#0 /home/khilmandev/Desktop/myattend/storage/framework/views/981e6e888129af6aab3f616f10281f39e0217c17.php(6): Illuminate\Foundation\Bootstrap\HandleExceptions->handleError(8, 'Undefined varia...', '/home/khilmande...', 6, Array)
#1 /home/khilmandev/Desktop/myattend/vendor/laravel/framework/src/Illuminate/View/Engines/PhpEngine.php(42): include('/home/khilmande...')
#2 /home/khilmandev/Desktop/myattend/vendor/laravel/framework/src/Illuminate/View/Engines/CompilerEngine.php(59): Illuminate\View\Engines\PhpEngine->evaluatePath('/home/khilmande...', Array)
#3 /home/khilmandev/Desktop/myattend/vendor/laravel/framework/src/Illuminate/View/View.php(149): Illuminate\View\Engines\CompilerEngine->get('/home/khilmande...', Array)
#4 /home/khilmandev/Desktop/myattend/vendor/laravel/framework/src/Illuminate/View/View.php(120): Illuminate\View\View->getContents()
#5 /home/khilmandev/Desktop/myattend/vendor/laravel/framework/src/Illuminate/View/View.php(85): Illuminate\View\View->renderContents()
#6 /home/khilmandev/Desktop/myattend/vendor/laravel/framework/src/Illuminate/Http/Response.php(45): Illuminate\View\View->render()
#7 /home/khilmandev/Desktop/myattend/vendor/symfony/http-foundation/Response.php(201): Illuminate\Http\Response->setContent(Object(Illuminate\View\View))
#8 /home/khilmandev/Desktop/myattend/vendor/laravel/framework/src/Illuminate/Routing/Router.php(1028): Symfony\Component\HttpFoundation\Response->__construct(Object(Illuminate\View\View))
#9 /home/khilmandev/Desktop/myattend/vendor/laravel/framework/src/Illuminate/Routing/Router.php(654): Illuminate\Routing\Router->prepareResponse(Object(Illuminate\Http\Request), Object(Illuminate\View\View))
#10 /home/khilmandev/Desktop/myattend/vendor/laravel/framework/src/Illuminate/Routing/Pipeline.php(53): Illuminate\Routing\Router->Illuminate\Routing\{closure}(Object(Illuminate\Http\Request))
#11 /home/khilmandev/Desktop/myattend/vendor/laravel/framework/src/Illuminate/Routing/Middleware/SubstituteBindings.php(41): Illuminate\Routing\Pipeline->Illuminate\Routing\{closure}(Object(Illuminate\Http\Request))
#12 /home/khilmandev/Desktop/myattend/vendor/laravel/framework/src/Illuminate/Pipeline/Pipeline.php(137): Illuminate\Routing\Middleware\SubstituteBindings->handle(Object(Illuminate\Http\Request), Object(Closure))
#13 /home/khilmandev/Desktop/myattend/vendor/laravel/framework/src/Illuminate/Routing/Pipeline.php(33): Illuminate\Pipeline\Pipeline->Illuminate\Pipeline\{closure}(Object(Illuminate\Http\Request))
#14 /home/khilmandev/Desktop/myattend/vendor/laravel/framework/src/Illuminate/Auth/Middleware/Authenticate.php(43): Illuminate\Routing\Pipeline->Illuminate\Routing\{closure}(Object(Illuminate\Http\Request))
#15 /home/khilmandev/Desktop/myattend/vendor/laravel/framework/src/Illuminate/Pipeline/Pipeline.php(137): Illuminate\Auth\Middleware\Authenticate->handle(Object(Illuminate\Http\Request), Object(Closure))
#16 /home/khilmandev/Desktop/myattend/vendor/laravel/framework/src/Illuminate/Routing/Pipeline.php(33): Illuminate\Pipeline\Pipeline->Illuminate\Pipeline\{closure}(Object(Illuminate\Http\Request))
#17 /home/khilmandev/Desktop/myattend/vendor/laravel/framework/src/Illuminate/Foundation/Http/Middleware/VerifyCsrfToken.php(65): Illuminate\Routing\Pipeline->Illuminate\Routing\{closure}(Object(Illuminate\Http\Request))
#18 /home/khilmandev/Desktop/myattend/vendor/laravel/framework/src/Illuminate/Pipeline/Pipeline.php(137): Illuminate\Foundation\Http\Middleware\VerifyCsrfToken->handle(Object(Illuminate\Http\Request), Object(Closure))
#19 /home/khilmandev/Desktop/myattend/vendor/laravel/framework/src/Illuminate/Routing/Pipeline.php(33): Illuminate\Pipeline\Pipeline->Illuminate\Pipeline\{closure}(Object(Illuminate\Http\Request))
#20 /home/khilmandev/Desktop/myattend/vendor/laravel/framework/src/Illuminate/View/Middleware/ShareErrorsFromSession.php(49): Illuminate\Routing\Pipeline->Illuminate\Routing\{closure}(Object(Illuminate\Http\Request))
#21 /home/khilmandev/Desktop/myattend/vendor/laravel/framework/src/Illuminate/Pipeline/Pipeline.php(137): Illuminate\View\Middleware\ShareErrorsFromSession->handle(Object(Illuminate\Http\Request), Object(Closure))
#22 /home/khilmandev/Desktop/myattend/vendor/laravel/framework/src/Illuminate/Routing/Pipeline.php(33): Illuminate\Pipeline\Pipeline->Illuminate\Pipeline\{closure}(Object(Illuminate\Http\Request))
#23 /home/khilmandev/Desktop/myattend/vendor/laravel/framework/src/Illuminate/Session/Middleware/StartSession.php(64): Illuminate\Routing\Pipeline->Illuminate\Routing\{closure}(Object(Illuminate\Http\Request))
#24 /home/khilmandev/Desktop/myattend/vendor/laravel/framework/src/Illuminate/Pipeline/Pipeline.php(137): Illuminate\Session\Middleware\StartSession->handle(Object(Illuminate\Http\Request), Object(Closure))
#25 /home/khilmandev/Desktop/myattend/vendor/laravel/framework/src/Illuminate/Routing/Pipeline.php(33): Illuminate\Pipeline\Pipeline->Illuminate\Pipeline\{closure}(Object(Illuminate\Http\Request))
#26 /home/khilmandev/Desktop/myattend/vendor/laravel/framework/src/Illuminate/Cookie/Middleware/AddQueuedCookiesToResponse.php(37): Illuminate\Routing\Pipeline->Illuminate\Routing\{closure}(Object(Illuminate\Http\Request))
#27 /home/khilmandev/Desktop/myattend/vendor/laravel/framework/src/Illuminate/Pipeline/Pipeline.php(137): Illuminate\Cookie\Middleware\AddQueuedCookiesToResponse->handle(Object(Illuminate\Http\Request), Object(Closure))
#28 /home/khilmandev/Desktop/myattend/vendor/laravel/framework/src/Illuminate/Routing/Pipeline.php(33): Illuminate\Pipeline\Pipeline->Illuminate\Pipeline\{closure}(Object(Illuminate\Http\Request))
#29 /home/khilmandev/Desktop/myattend/vendor/laravel/framework/src/Illuminate/Cookie/Middleware/EncryptCookies.php(59): Illuminate\Routing\Pipeline->Illuminate\Routing\{closure}(Object(Illuminate\Http\Request))
#30 /home/khilmandev/Desktop/myattend/vendor/laravel/framework/src/Illuminate/Pipeline/Pipeline.php(137): Illuminate\Cookie\Middleware\EncryptCookies->handle(Object(Illuminate\Http\Request), Object(Closure))
#31 /home/khilmandev/Desktop/myattend/vendor/laravel/framework/src/Illuminate/Routing/Pipeline.php(33): Illuminate\Pipeline\Pipeline->Illuminate\Pipeline\{closure}(Object(Illuminate\Http\Request))
#32 /home/khilmandev/Desktop/myattend/vendor/laravel/framework/src/Illuminate/Pipeline/Pipeline.php(104): Illuminate\Routing\Pipeline->Illuminate\Routing\{closure}(Object(Illuminate\Http\Request))
#33 /home/khilmandev/Desktop/myattend/vendor/laravel/framework/src/Illuminate/Routing/Router.php(655): Illuminate\Pipeline\Pipeline->then(Object(Closure))
#34 /home/khilmandev/Desktop/myattend/vendor/laravel/framework/src/Illuminate/Routing/Router.php(629): Illuminate\Routing\Router->runRouteWithinStack(Object(Illuminate\Routing\Route), Object(Illuminate\Http\Request))
#35 /home/khilmandev/Desktop/myattend/vendor/laravel/framework/src/Illuminate/Routing/Router.php(607): Illuminate\Routing\Router->dispatchToRoute(Object(Illuminate\Http\Request))
#36 /home/khilmandev/Desktop/myattend/vendor/laravel/framework/src/Illuminate/Foundation/Http/Kernel.php(268): Illuminate\Routing\Router->dispatch(Object(Illuminate\Http\Request))
#37 /home/khilmandev/Desktop/myattend/vendor/laravel/framework/src/Illuminate/Routing/Pipeline.php(53): Illuminate\Foundation\Http\Kernel->Illuminate\Foundation\Http\{closure}(Object(Illuminate\Http\Request))
#38 /home/khilmandev/Desktop/myattend/vendor/laravel/framework/src/Illuminate/Foundation/Http/Middleware/CheckForMaintenanceMode.php(46): Illuminate\Routing\Pipeline->Illuminate\Routing\{closure}(Object(Illuminate\Http\Request))
#39 /home/khilmandev/Desktop/myattend/vendor/laravel/framework/src/Illuminate/Pipeline/Pipeline.php(137): Illuminate\Foundation\Http\Middleware\CheckForMaintenanceMode->handle(Object(Illuminate\Http\Request), Object(Closure))
#40 /home/khilmandev/Desktop/myattend/vendor/laravel/framework/src/Illuminate/Routing/Pipeline.php(33): Illuminate\Pipeline\Pipeline->Illuminate\Pipeline\{closure}(Object(Illuminate\Http\Request))
#41 /home/khilmandev/Desktop/myattend/vendor/laravel/framework/src/Illuminate/Pipeline/Pipeline.php(104): Illuminate\Routing\Pipeline->Illuminate\Routing\{closure}(Object(Illuminate\Http\Request))
#42 /home/khilmandev/Desktop/myattend/vendor/laravel/framework/src/Illuminate/Foundation/Http/Kernel.php(150): Illuminate\Pipeline\Pipeline->then(Object(Closure))
#43 /home/khilmandev/Desktop/myattend/vendor/laravel/framework/src/Illuminate/Foundation/Http/Kernel.php(117): Illuminate\Foundation\Http\Kernel->sendRequestThroughRouter(Object(Illuminate\Http\Request))
#44 /home/khilmandev/Desktop/myattend/public/index.php(54): Illuminate\Foundation\Http\Kernel->handle(Object(Illuminate\Http\Request))
#45 /home/khilmandev/Desktop/myattend/server.php(21): require_once('/home/khilmande...')
#46 {main}

Next exception 'ErrorException' with message 'Undefined variable: cek_absen (View: /home/khilmandev/Desktop/myattend/resources/views/home.blade.php)' in /home/khilmandev/Desktop/myattend/storage/framework/views/981e6e888129af6aab3f616f10281f39e0217c17.php:6
Stack trace:
#0 /home/khilmandev/Desktop/myattend/vendor/laravel/framework/src/Illuminate/View/Engines/PhpEngine.php(44): Illuminate\View\Engines\CompilerEngine->handleViewException(Object(ErrorException), 1)
#1 /home/khilmandev/Desktop/myattend/vendor/laravel/framework/src/Illuminate/View/Engines/CompilerEngine.php(59): Illuminate\View\Engines\PhpEngine->evaluatePath('/home/khilmande...', Array)
#2 /home/khilmandev/Desktop/myattend/vendor/laravel/framework/src/Illuminate/View/View.php(149): Illuminate\View\Engines\CompilerEngine->get('/home/khilmande...', Array)
#3 /home/khilmandev/Desktop/myattend/vendor/laravel/framework/src/Illuminate/View/View.php(120): Illuminate\View\View->getContents()
#4 /home/khilmandev/Desktop/myattend/vendor/laravel/framework/src/Illuminate/View/View.php(85): Illuminate\View\View->renderContents()
#5 /home/khilmandev/Desktop/myattend/vendor/laravel/framework/src/Illuminate/Http/Response.php(45): Illuminate\View\View->render()
#6 /home/khilmandev/Desktop/myattend/vendor/symfony/http-foundation/Response.php(201): Illuminate\Http\Response->setContent(Object(Illuminate\View\View))
#7 /home/khilmandev/Desktop/myattend/vendor/laravel/framework/src/Illuminate/Routing/Router.php(1028): Symfony\Component\HttpFoundation\Response->__construct(Object(Illuminate\View\View))
#8 /home/khilmandev/Desktop/myattend/vendor/laravel/framework/src/Illuminate/Routing/Router.php(654): Illuminate\Routing\Router->prepareResponse(Object(Illuminate\Http\Request), Object(Illuminate\View\View))
#9 /home/khilmandev/Desktop/myattend/vendor/laravel/framework/src/Illuminate/Routing/Pipeline.php(53): Illuminate\Routing\Router->Illuminate\Routing\{closure}(Object(Illuminate\Http\Request))
#10 /home/khilmandev/Desktop/myattend/vendor/laravel/framework/src/Illuminate/Routing/Middleware/SubstituteBindings.php(41): Illuminate\Routing\Pipeline->Illuminate\Routing\{closure}(Object(Illuminate\Http\Request))
#11 /home/khilmandev/Desktop/myattend/vendor/laravel/framework/src/Illuminate/Pipeline/Pipeline.php(137): Illuminate\Routing\Middleware\SubstituteBindings->handle(Object(Illuminate\Http\Request), Object(Closure))
#12 /home/khilmandev/Desktop/myattend/vendor/laravel/framework/src/Illuminate/Routing/Pipeline.php(33): Illuminate\Pipeline\Pipeline->Illuminate\Pipeline\{closure}(Object(Illuminate\Http\Request))
#13 /home/khilmandev/Desktop/myattend/vendor/laravel/framework/src/Illuminate/Auth/Middleware/Authenticate.php(43): Illuminate\Routing\Pipeline->Illuminate\Routing\{closure}(Object(Illuminate\Http\Request))
#14 /home/khilmandev/Desktop/myattend/vendor/laravel/framework/src/Illuminate/Pipeline/Pipeline.php(137): Illuminate\Auth\Middleware\Authenticate->handle(Object(Illuminate\Http\Request), Object(Closure))
#15 /home/khilmandev/Desktop/myattend/vendor/laravel/framework/src/Illuminate/Routing/Pipeline.php(33): Illuminate\Pipeline\Pipeline->Illuminate\Pipeline\{closure}(Object(Illuminate\Http\Request))
#16 /home/khilmandev/Desktop/myattend/vendor/laravel/framework/src/Illuminate/Foundation/Http/Middleware/VerifyCsrfToken.php(65): Illuminate\Routing\Pipeline->Illuminate\Routing\{closure}(Object(Illuminate\Http\Request))
#17 /home/khilmandev/Desktop/myattend/vendor/laravel/framework/src/Illuminate/Pipeline/Pipeline.php(137): Illuminate\Foundation\Http\Middleware\VerifyCsrfToken->handle(Object(Illuminate\Http\Request), Object(Closure))
#18 /home/khilmandev/Desktop/myattend/vendor/laravel/framework/src/Illuminate/Routing/Pipeline.php(33): Illuminate\Pipeline\Pipeline->Illuminate\Pipeline\{closure}(Object(Illuminate\Http\Request))
#19 /home/khilmandev/Desktop/myattend/vendor/laravel/framework/src/Illuminate/View/Middleware/ShareErrorsFromSession.php(49): Illuminate\Routing\Pipeline->Illuminate\Routing\{closure}(Object(Illuminate\Http\Request))
#20 /home/khilmandev/Desktop/myattend/vendor/laravel/framework/src/Illuminate/Pipeline/Pipeline.php(137): Illuminate\View\Middleware\ShareErrorsFromSession->handle(Object(Illuminate\Http\Request), Object(Closure))
#21 /home/khilmandev/Desktop/myattend/vendor/laravel/framework/src/Illuminate/Routing/Pipeline.php(33): Illuminate\Pipeline\Pipeline->Illuminate\Pipeline\{closure}(Object(Illuminate\Http\Request))
#22 /home/khilmandev/Desktop/myattend/vendor/laravel/framework/src/Illuminate/Session/Middleware/StartSession.php(64): Illuminate\Routing\Pipeline->Illuminate\Routing\{closure}(Object(Illuminate\Http\Request))
#23 /home/khilmandev/Desktop/myattend/vendor/laravel/framework/src/Illuminate/Pipeline/Pipeline.php(137): Illuminate\Session\Middleware\StartSession->handle(Object(Illuminate\Http\Request), Object(Closure))
#24 /home/khilmandev/Desktop/myattend/vendor/laravel/framework/src/Illuminate/Routing/Pipeline.php(33): Illuminate\Pipeline\Pipeline->Illuminate\Pipeline\{closure}(Object(Illuminate\Http\Request))
#25 /home/khilmandev/Desktop/myattend/vendor/laravel/framework/src/Illuminate/Cookie/Middleware/AddQueuedCookiesToResponse.php(37): Illuminate\Routing\Pipeline->Illuminate\Routing\{closure}(Object(Illuminate\Http\Request))
#26 /home/khilmandev/Desktop/myattend/vendor/laravel/framework/src/Illuminate/Pipeline/Pipeline.php(137): Illuminate\Cookie\Middleware\AddQueuedCookiesToResponse->handle(Object(Illuminate\Http\Request), Object(Closure))
#27 /home/khilmandev/Desktop/myattend/vendor/laravel/framework/src/Illuminate/Routing/Pipeline.php(33): Illuminate\Pipeline\Pipeline->Illuminate\Pipeline\{closure}(Object(Illuminate\Http\Request))
#28 /home/khilmandev/Desktop/myattend/vendor/laravel/framework/src/Illuminate/Cookie/Middleware/EncryptCookies.php(59): Illuminate\Routing\Pipeline->Illuminate\Routing\{closure}(Object(Illuminate\Http\Request))
#29 /home/khilmandev/Desktop/myattend/vendor/laravel/framework/src/Illuminate/Pipeline/Pipeline.php(137): Illuminate\Cookie\Middleware\EncryptCookies->handle(Object(Illuminate\Http\Request), Object(Closure))
#30 /home/khilmandev/Desktop/myattend/vendor/laravel/framework/src/Illuminate/Routing/Pipeline.php(33): Illuminate\Pipeline\Pipeline->Illuminate\Pipeline\{closure}(Object(Illuminate\Http\Request))
#31 /home/khilmandev/Desktop/myattend/vendor/laravel/framework/src/Illuminate/Pipeline/Pipeline.php(104): Illuminate\Routing\Pipeline->Illuminate\Routing\{closure}(Object(Illuminate\Http\Request))
#32 /home/khilmandev/Desktop/myattend/vendor/laravel/framework/src/Illuminate/Routing/Router.php(655): Illuminate\Pipeline\Pipeline->then(Object(Closure))
#33 /home/khilmandev/Desktop/myattend/vendor/laravel/framework/src/Illuminate/Routing/Router.php(629): Illuminate\Routing\Router->runRouteWithinStack(Object(Illuminate\Routing\Route), Object(Illuminate\Http\Request))
#34 /home/khilmandev/Desktop/myattend/vendor/laravel/framework/src/Illuminate/Routing/Router.php(607): Illuminate\Routing\Router->dispatchToRoute(Object(Illuminate\Http\Request))
#35 /home/khilmandev/Desktop/myattend/vendor/laravel/framework/src/Illuminate/Foundation/Http/Kernel.php(268): Illuminate\Routing\Router->dispatch(Object(Illuminate\Http\Request))
#36 /home/khilmandev/Desktop/myattend/vendor/laravel/framework/src/Illuminate/Routing/Pipeline.php(53): Illuminate\Foundation\Http\Kernel->Illuminate\Foundation\Http\{closure}(Object(Illuminate\Http\Request))
#37 /home/khilmandev/Desktop/myattend/vendor/laravel/framework/src/Illuminate/Foundation/Http/Middleware/CheckForMaintenanceMode.php(46): Illuminate\Routing\Pipeline->Illuminate\Routing\{closure}(Object(Illuminate\Http\Request))
#38 /home/khilmandev/Desktop/myattend/vendor/laravel/framework/src/Illuminate/Pipeline/Pipeline.php(137): Illuminate\Foundation\Http\Middleware\CheckForMaintenanceMode->handle(Object(Illuminate\Http\Request), Object(Closure))
#39 /home/khilmandev/Desktop/myattend/vendor/laravel/framework/src/Illuminate/Routing/Pipeline.php(33): Illuminate\Pipeline\Pipeline->Illuminate\Pipeline\{closure}(Object(Illuminate\Http\Request))
#40 /home/khilmandev/Desktop/myattend/vendor/laravel/framework/src/Illuminate/Pipeline/Pipeline.php(104): Illuminate\Routing\Pipeline->Illuminate\Routing\{closure}(Object(Illuminate\Http\Request))
#41 /home/khilmandev/Desktop/myattend/vendor/laravel/framework/src/Illuminate/Foundation/Http/Kernel.php(150): Illuminate\Pipeline\Pipeline->then(Object(Closure))
#42 /home/khilmandev/Desktop/myattend/vendor/laravel/framework/src/Illuminate/Foundation/Http/Kernel.php(117): Illuminate\Foundation\Http\Kernel->sendRequestThroughRouter(Object(Illuminate\Http\Request))
#43 /home/khilmandev/Desktop/myattend/public/index.php(54): Illuminate\Foundation\Http\Kernel->handle(Object(Illuminate\Http\Request))
#44 /home/khilmandev/Desktop/myattend/server.php(21): require_once('/home/khilmande...')
#45 {main}  
[2017-02-01 22:47:02] local.ERROR: exception 'ErrorException' with message 'date_default_timezone_set(): Timezone ID 'Jakarta/Asia' is invalid' in /home/khilmandev/Desktop/myattend/app/Http/Controllers/HomeController.php:26
Stack trace:
#0 [internal function]: Illuminate\Foundation\Bootstrap\HandleExceptions->handleError(8, 'date_default_ti...', '/home/khilmande...', 26, Array)
#1 /home/khilmandev/Desktop/myattend/app/Http/Controllers/HomeController.php(26): date_default_timezone_set('Jakarta/Asia')
#2 /home/khilmandev/Desktop/myattend/app/Http/Controllers/HomeController.php(30): App\Http\Controllers\HomeController->timeZone('Jakarta/Asia')
#3 [internal function]: App\Http\Controllers\HomeController->index()
#4 /home/khilmandev/Desktop/myattend/vendor/laravel/framework/src/Illuminate/Routing/Controller.php(55): call_user_func_array(Array, Array)
#5 /home/khilmandev/Desktop/myattend/vendor/laravel/framework/src/Illuminate/Routing/ControllerDispatcher.php(44): Illuminate\Routing\Controller->callAction('index', Array)
#6 /home/khilmandev/Desktop/myattend/vendor/laravel/framework/src/Illuminate/Routing/Route.php(190): Illuminate\Routing\ControllerDispatcher->dispatch(Object(Illuminate\Routing\Route), Object(App\Http\Controllers\HomeController), 'index')
#7 /home/khilmandev/Desktop/myattend/vendor/laravel/framework/src/Illuminate/Routing/Route.php(144): Illuminate\Routing\Route->runController()
#8 /home/khilmandev/Desktop/myattend/vendor/laravel/framework/src/Illuminate/Routing/Router.php(653): Illuminate\Routing\Route->run(Object(Illuminate\Http\Request))
#9 /home/khilmandev/Desktop/myattend/vendor/laravel/framework/src/Illuminate/Routing/Pipeline.php(53): Illuminate\Routing\Router->Illuminate\Routing\{closure}(Object(Illuminate\Http\Request))
#10 /home/khilmandev/Desktop/myattend/vendor/laravel/framework/src/Illuminate/Routing/Middleware/SubstituteBindings.php(41): Illuminate\Routing\Pipeline->Illuminate\Routing\{closure}(Object(Illuminate\Http\Request))
#11 /home/khilmandev/Desktop/myattend/vendor/laravel/framework/src/Illuminate/Pipeline/Pipeline.php(137): Illuminate\Routing\Middleware\SubstituteBindings->handle(Object(Illuminate\Http\Request), Object(Closure))
#12 /home/khilmandev/Desktop/myattend/vendor/laravel/framework/src/Illuminate/Routing/Pipeline.php(33): Illuminate\Pipeline\Pipeline->Illuminate\Pipeline\{closure}(Object(Illuminate\Http\Request))
#13 /home/khilmandev/Desktop/myattend/vendor/laravel/framework/src/Illuminate/Auth/Middleware/Authenticate.php(43): Illuminate\Routing\Pipeline->Illuminate\Routing\{closure}(Object(Illuminate\Http\Request))
#14 /home/khilmandev/Desktop/myattend/vendor/laravel/framework/src/Illuminate/Pipeline/Pipeline.php(137): Illuminate\Auth\Middleware\Authenticate->handle(Object(Illuminate\Http\Request), Object(Closure))
#15 /home/khilmandev/Desktop/myattend/vendor/laravel/framework/src/Illuminate/Routing/Pipeline.php(33): Illuminate\Pipeline\Pipeline->Illuminate\Pipeline\{closure}(Object(Illuminate\Http\Request))
#16 /home/khilmandev/Desktop/myattend/vendor/laravel/framework/src/Illuminate/Foundation/Http/Middleware/VerifyCsrfToken.php(65): Illuminate\Routing\Pipeline->Illuminate\Routing\{closure}(Object(Illuminate\Http\Request))
#17 /home/khilmandev/Desktop/myattend/vendor/laravel/framework/src/Illuminate/Pipeline/Pipeline.php(137): Illuminate\Foundation\Http\Middleware\VerifyCsrfToken->handle(Object(Illuminate\Http\Request), Object(Closure))
#18 /home/khilmandev/Desktop/myattend/vendor/laravel/framework/src/Illuminate/Routing/Pipeline.php(33): Illuminate\Pipeline\Pipeline->Illuminate\Pipeline\{closure}(Object(Illuminate\Http\Request))
#19 /home/khilmandev/Desktop/myattend/vendor/laravel/framework/src/Illuminate/View/Middleware/ShareErrorsFromSession.php(49): Illuminate\Routing\Pipeline->Illuminate\Routing\{closure}(Object(Illuminate\Http\Request))
#20 /home/khilmandev/Desktop/myattend/vendor/laravel/framework/src/Illuminate/Pipeline/Pipeline.php(137): Illuminate\View\Middleware\ShareErrorsFromSession->handle(Object(Illuminate\Http\Request), Object(Closure))
#21 /home/khilmandev/Desktop/myattend/vendor/laravel/framework/src/Illuminate/Routing/Pipeline.php(33): Illuminate\Pipeline\Pipeline->Illuminate\Pipeline\{closure}(Object(Illuminate\Http\Request))
#22 /home/khilmandev/Desktop/myattend/vendor/laravel/framework/src/Illuminate/Session/Middleware/StartSession.php(64): Illuminate\Routing\Pipeline->Illuminate\Routing\{closure}(Object(Illuminate\Http\Request))
#23 /home/khilmandev/Desktop/myattend/vendor/laravel/framework/src/Illuminate/Pipeline/Pipeline.php(137): Illuminate\Session\Middleware\StartSession->handle(Object(Illuminate\Http\Request), Object(Closure))
#24 /home/khilmandev/Desktop/myattend/vendor/laravel/framework/src/Illuminate/Routing/Pipeline.php(33): Illuminate\Pipeline\Pipeline->Illuminate\Pipeline\{closure}(Object(Illuminate\Http\Request))
#25 /home/khilmandev/Desktop/myattend/vendor/laravel/framework/src/Illuminate/Cookie/Middleware/AddQueuedCookiesToResponse.php(37): Illuminate\Routing\Pipeline->Illuminate\Routing\{closure}(Object(Illuminate\Http\Request))
#26 /home/khilmandev/Desktop/myattend/vendor/laravel/framework/src/Illuminate/Pipeline/Pipeline.php(137): Illuminate\Cookie\Middleware\AddQueuedCookiesToResponse->handle(Object(Illuminate\Http\Request), Object(Closure))
#27 /home/khilmandev/Desktop/myattend/vendor/laravel/framework/src/Illuminate/Routing/Pipeline.php(33): Illuminate\Pipeline\Pipeline->Illuminate\Pipeline\{closure}(Object(Illuminate\Http\Request))
#28 /home/khilmandev/Desktop/myattend/vendor/laravel/framework/src/Illuminate/Cookie/Middleware/EncryptCookies.php(59): Illuminate\Routing\Pipeline->Illuminate\Routing\{closure}(Object(Illuminate\Http\Request))
#29 /home/khilmandev/Desktop/myattend/vendor/laravel/framework/src/Illuminate/Pipeline/Pipeline.php(137): Illuminate\Cookie\Middleware\EncryptCookies->handle(Object(Illuminate\Http\Request), Object(Closure))
#30 /home/khilmandev/Desktop/myattend/vendor/laravel/framework/src/Illuminate/Routing/Pipeline.php(33): Illuminate\Pipeline\Pipeline->Illuminate\Pipeline\{closure}(Object(Illuminate\Http\Request))
#31 /home/khilmandev/Desktop/myattend/vendor/laravel/framework/src/Illuminate/Pipeline/Pipeline.php(104): Illuminate\Routing\Pipeline->Illuminate\Routing\{closure}(Object(Illuminate\Http\Request))
#32 /home/khilmandev/Desktop/myattend/vendor/laravel/framework/src/Illuminate/Routing/Router.php(655): Illuminate\Pipeline\Pipeline->then(Object(Closure))
#33 /home/khilmandev/Desktop/myattend/vendor/laravel/framework/src/Illuminate/Routing/Router.php(629): Illuminate\Routing\Router->runRouteWithinStack(Object(Illuminate\Routing\Route), Object(Illuminate\Http\Request))
#34 /home/khilmandev/Desktop/myattend/vendor/laravel/framework/src/Illuminate/Routing/Router.php(607): Illuminate\Routing\Router->dispatchToRoute(Object(Illuminate\Http\Request))
#35 /home/khilmandev/Desktop/myattend/vendor/laravel/framework/src/Illuminate/Foundation/Http/Kernel.php(268): Illuminate\Routing\Router->dispatch(Object(Illuminate\Http\Request))
#36 /home/khilmandev/Desktop/myattend/vendor/laravel/framework/src/Illuminate/Routing/Pipeline.php(53): Illuminate\Foundation\Http\Kernel->Illuminate\Foundation\Http\{closure}(Object(Illuminate\Http\Request))
#37 /home/khilmandev/Desktop/myattend/vendor/laravel/framework/src/Illuminate/Foundation/Http/Middleware/CheckForMaintenanceMode.php(46): Illuminate\Routing\Pipeline->Illuminate\Routing\{closure}(Object(Illuminate\Http\Request))
#38 /home/khilmandev/Desktop/myattend/vendor/laravel/framework/src/Illuminate/Pipeline/Pipeline.php(137): Illuminate\Foundation\Http\Middleware\CheckForMaintenanceMode->handle(Object(Illuminate\Http\Request), Object(Closure))
#39 /home/khilmandev/Desktop/myattend/vendor/laravel/framework/src/Illuminate/Routing/Pipeline.php(33): Illuminate\Pipeline\Pipeline->Illuminate\Pipeline\{closure}(Object(Illuminate\Http\Request))
#40 /home/khilmandev/Desktop/myattend/vendor/laravel/framework/src/Illuminate/Pipeline/Pipeline.php(104): Illuminate\Routing\Pipeline->Illuminate\Routing\{closure}(Object(Illuminate\Http\Request))
#41 /home/khilmandev/Desktop/myattend/vendor/laravel/framework/src/Illuminate/Foundation/Http/Kernel.php(150): Illuminate\Pipeline\Pipeline->then(Object(Closure))
#42 /home/khilmandev/Desktop/myattend/vendor/laravel/framework/src/Illuminate/Foundation/Http/Kernel.php(117): Illuminate\Foundation\Http\Kernel->sendRequestThroughRouter(Object(Illuminate\Http\Request))
#43 /home/khilmandev/Desktop/myattend/public/index.php(54): Illuminate\Foundation\Http\Kernel->handle(Object(Illuminate\Http\Request))
#44 /home/khilmandev/Desktop/myattend/server.php(21): require_once('/home/khilmande...')
#45 {main}  
[2017-02-01 22:47:26] local.ERROR: exception 'ErrorException' with message 'date_default_timezone_set(): Timezone ID 'Asi/Jakarta' is invalid' in /home/khilmandev/Desktop/myattend/app/Http/Controllers/HomeController.php:26
Stack trace:
#0 [internal function]: Illuminate\Foundation\Bootstrap\HandleExceptions->handleError(8, 'date_default_ti...', '/home/khilmande...', 26, Array)
#1 /home/khilmandev/Desktop/myattend/app/Http/Controllers/HomeController.php(26): date_default_timezone_set('Asi/Jakarta')
#2 /home/khilmandev/Desktop/myattend/app/Http/Controllers/HomeController.php(30): App\Http\Controllers\HomeController->timeZone('Asi/Jakarta')
#3 [internal function]: App\Http\Controllers\HomeController->index()
#4 /home/khilmandev/Desktop/myattend/vendor/laravel/framework/src/Illuminate/Routing/Controller.php(55): call_user_func_array(Array, Array)
#5 /home/khilmandev/Desktop/myattend/vendor/laravel/framework/src/Illuminate/Routing/ControllerDispatcher.php(44): Illuminate\Routing\Controller->callAction('index', Array)
#6 /home/khilmandev/Desktop/myattend/vendor/laravel/framework/src/Illuminate/Routing/Route.php(190): Illuminate\Routing\ControllerDispatcher->dispatch(Object(Illuminate\Routing\Route), Object(App\Http\Controllers\HomeController), 'index')
#7 /home/khilmandev/Desktop/myattend/vendor/laravel/framework/src/Illuminate/Routing/Route.php(144): Illuminate\Routing\Route->runController()
#8 /home/khilmandev/Desktop/myattend/vendor/laravel/framework/src/Illuminate/Routing/Router.php(653): Illuminate\Routing\Route->run(Object(Illuminate\Http\Request))
#9 /home/khilmandev/Desktop/myattend/vendor/laravel/framework/src/Illuminate/Routing/Pipeline.php(53): Illuminate\Routing\Router->Illuminate\Routing\{closure}(Object(Illuminate\Http\Request))
#10 /home/khilmandev/Desktop/myattend/vendor/laravel/framework/src/Illuminate/Routing/Middleware/SubstituteBindings.php(41): Illuminate\Routing\Pipeline->Illuminate\Routing\{closure}(Object(Illuminate\Http\Request))
#11 /home/khilmandev/Desktop/myattend/vendor/laravel/framework/src/Illuminate/Pipeline/Pipeline.php(137): Illuminate\Routing\Middleware\SubstituteBindings->handle(Object(Illuminate\Http\Request), Object(Closure))
#12 /home/khilmandev/Desktop/myattend/vendor/laravel/framework/src/Illuminate/Routing/Pipeline.php(33): Illuminate\Pipeline\Pipeline->Illuminate\Pipeline\{closure}(Object(Illuminate\Http\Request))
#13 /home/khilmandev/Desktop/myattend/vendor/laravel/framework/src/Illuminate/Auth/Middleware/Authenticate.php(43): Illuminate\Routing\Pipeline->Illuminate\Routing\{closure}(Object(Illuminate\Http\Request))
#14 /home/khilmandev/Desktop/myattend/vendor/laravel/framework/src/Illuminate/Pipeline/Pipeline.php(137): Illuminate\Auth\Middleware\Authenticate->handle(Object(Illuminate\Http\Request), Object(Closure))
#15 /home/khilmandev/Desktop/myattend/vendor/laravel/framework/src/Illuminate/Routing/Pipeline.php(33): Illuminate\Pipeline\Pipeline->Illuminate\Pipeline\{closure}(Object(Illuminate\Http\Request))
#16 /home/khilmandev/Desktop/myattend/vendor/laravel/framework/src/Illuminate/Foundation/Http/Middleware/VerifyCsrfToken.php(65): Illuminate\Routing\Pipeline->Illuminate\Routing\{closure}(Object(Illuminate\Http\Request))
#17 /home/khilmandev/Desktop/myattend/vendor/laravel/framework/src/Illuminate/Pipeline/Pipeline.php(137): Illuminate\Foundation\Http\Middleware\VerifyCsrfToken->handle(Object(Illuminate\Http\Request), Object(Closure))
#18 /home/khilmandev/Desktop/myattend/vendor/laravel/framework/src/Illuminate/Routing/Pipeline.php(33): Illuminate\Pipeline\Pipeline->Illuminate\Pipeline\{closure}(Object(Illuminate\Http\Request))
#19 /home/khilmandev/Desktop/myattend/vendor/laravel/framework/src/Illuminate/View/Middleware/ShareErrorsFromSession.php(49): Illuminate\Routing\Pipeline->Illuminate\Routing\{closure}(Object(Illuminate\Http\Request))
#20 /home/khilmandev/Desktop/myattend/vendor/laravel/framework/src/Illuminate/Pipeline/Pipeline.php(137): Illuminate\View\Middleware\ShareErrorsFromSession->handle(Object(Illuminate\Http\Request), Object(Closure))
#21 /home/khilmandev/Desktop/myattend/vendor/laravel/framework/src/Illuminate/Routing/Pipeline.php(33): Illuminate\Pipeline\Pipeline->Illuminate\Pipeline\{closure}(Object(Illuminate\Http\Request))
#22 /home/khilmandev/Desktop/myattend/vendor/laravel/framework/src/Illuminate/Session/Middleware/StartSession.php(64): Illuminate\Routing\Pipeline->Illuminate\Routing\{closure}(Object(Illuminate\Http\Request))
#23 /home/khilmandev/Desktop/myattend/vendor/laravel/framework/src/Illuminate/Pipeline/Pipeline.php(137): Illuminate\Session\Middleware\StartSession->handle(Object(Illuminate\Http\Request), Object(Closure))
#24 /home/khilmandev/Desktop/myattend/vendor/laravel/framework/src/Illuminate/Routing/Pipeline.php(33): Illuminate\Pipeline\Pipeline->Illuminate\Pipeline\{closure}(Object(Illuminate\Http\Request))
#25 /home/khilmandev/Desktop/myattend/vendor/laravel/framework/src/Illuminate/Cookie/Middleware/AddQueuedCookiesToResponse.php(37): Illuminate\Routing\Pipeline->Illuminate\Routing\{closure}(Object(Illuminate\Http\Request))
#26 /home/khilmandev/Desktop/myattend/vendor/laravel/framework/src/Illuminate/Pipeline/Pipeline.php(137): Illuminate\Cookie\Middleware\AddQueuedCookiesToResponse->handle(Object(Illuminate\Http\Request), Object(Closure))
#27 /home/khilmandev/Desktop/myattend/vendor/laravel/framework/src/Illuminate/Routing/Pipeline.php(33): Illuminate\Pipeline\Pipeline->Illuminate\Pipeline\{closure}(Object(Illuminate\Http\Request))
#28 /home/khilmandev/Desktop/myattend/vendor/laravel/framework/src/Illuminate/Cookie/Middleware/EncryptCookies.php(59): Illuminate\Routing\Pipeline->Illuminate\Routing\{closure}(Object(Illuminate\Http\Request))
#29 /home/khilmandev/Desktop/myattend/vendor/laravel/framework/src/Illuminate/Pipeline/Pipeline.php(137): Illuminate\Cookie\Middleware\EncryptCookies->handle(Object(Illuminate\Http\Request), Object(Closure))
#30 /home/khilmandev/Desktop/myattend/vendor/laravel/framework/src/Illuminate/Routing/Pipeline.php(33): Illuminate\Pipeline\Pipeline->Illuminate\Pipeline\{closure}(Object(Illuminate\Http\Request))
#31 /home/khilmandev/Desktop/myattend/vendor/laravel/framework/src/Illuminate/Pipeline/Pipeline.php(104): Illuminate\Routing\Pipeline->Illuminate\Routing\{closure}(Object(Illuminate\Http\Request))
#32 /home/khilmandev/Desktop/myattend/vendor/laravel/framework/src/Illuminate/Routing/Router.php(655): Illuminate\Pipeline\Pipeline->then(Object(Closure))
#33 /home/khilmandev/Desktop/myattend/vendor/laravel/framework/src/Illuminate/Routing/Router.php(629): Illuminate\Routing\Router->runRouteWithinStack(Object(Illuminate\Routing\Route), Object(Illuminate\Http\Request))
#34 /home/khilmandev/Desktop/myattend/vendor/laravel/framework/src/Illuminate/Routing/Router.php(607): Illuminate\Routing\Router->dispatchToRoute(Object(Illuminate\Http\Request))
#35 /home/khilmandev/Desktop/myattend/vendor/laravel/framework/src/Illuminate/Foundation/Http/Kernel.php(268): Illuminate\Routing\Router->dispatch(Object(Illuminate\Http\Request))
#36 /home/khilmandev/Desktop/myattend/vendor/laravel/framework/src/Illuminate/Routing/Pipeline.php(53): Illuminate\Foundation\Http\Kernel->Illuminate\Foundation\Http\{closure}(Object(Illuminate\Http\Request))
#37 /home/khilmandev/Desktop/myattend/vendor/laravel/framework/src/Illuminate/Foundation/Http/Middleware/CheckForMaintenanceMode.php(46): Illuminate\Routing\Pipeline->Illuminate\Routing\{closure}(Object(Illuminate\Http\Request))
#38 /home/khilmandev/Desktop/myattend/vendor/laravel/framework/src/Illuminate/Pipeline/Pipeline.php(137): Illuminate\Foundation\Http\Middleware\CheckForMaintenanceMode->handle(Object(Illuminate\Http\Request), Object(Closure))
#39 /home/khilmandev/Desktop/myattend/vendor/laravel/framework/src/Illuminate/Routing/Pipeline.php(33): Illuminate\Pipeline\Pipeline->Illuminate\Pipeline\{closure}(Object(Illuminate\Http\Request))
#40 /home/khilmandev/Desktop/myattend/vendor/laravel/framework/src/Illuminate/Pipeline/Pipeline.php(104): Illuminate\Routing\Pipeline->Illuminate\Routing\{closure}(Object(Illuminate\Http\Request))
#41 /home/khilmandev/Desktop/myattend/vendor/laravel/framework/src/Illuminate/Foundation/Http/Kernel.php(150): Illuminate\Pipeline\Pipeline->then(Object(Closure))
#42 /home/khilmandev/Desktop/myattend/vendor/laravel/framework/src/Illuminate/Foundation/Http/Kernel.php(117): Illuminate\Foundation\Http\Kernel->sendRequestThroughRouter(Object(Illuminate\Http\Request))
#43 /home/khilmandev/Desktop/myattend/public/index.php(54): Illuminate\Foundation\Http\Kernel->handle(Object(Illuminate\Http\Request))
#44 /home/khilmandev/Desktop/myattend/server.php(21): require_once('/home/khilmande...')
#45 {main}  
[2017-02-01 22:47:28] local.ERROR: exception 'ErrorException' with message 'date_default_timezone_set(): Timezone ID 'Asi/Jakarta' is invalid' in /home/khilmandev/Desktop/myattend/app/Http/Controllers/HomeController.php:26
Stack trace:
#0 [internal function]: Illuminate\Foundation\Bootstrap\HandleExceptions->handleError(8, 'date_default_ti...', '/home/khilmande...', 26, Array)
#1 /home/khilmandev/Desktop/myattend/app/Http/Controllers/HomeController.php(26): date_default_timezone_set('Asi/Jakarta')
#2 /home/khilmandev/Desktop/myattend/app/Http/Controllers/HomeController.php(30): App\Http\Controllers\HomeController->timeZone('Asi/Jakarta')
#3 [internal function]: App\Http\Controllers\HomeController->index()
#4 /home/khilmandev/Desktop/myattend/vendor/laravel/framework/src/Illuminate/Routing/Controller.php(55): call_user_func_array(Array, Array)
#5 /home/khilmandev/Desktop/myattend/vendor/laravel/framework/src/Illuminate/Routing/ControllerDispatcher.php(44): Illuminate\Routing\Controller->callAction('index', Array)
#6 /home/khilmandev/Desktop/myattend/vendor/laravel/framework/src/Illuminate/Routing/Route.php(190): Illuminate\Routing\ControllerDispatcher->dispatch(Object(Illuminate\Routing\Route), Object(App\Http\Controllers\HomeController), 'index')
#7 /home/khilmandev/Desktop/myattend/vendor/laravel/framework/src/Illuminate/Routing/Route.php(144): Illuminate\Routing\Route->runController()
#8 /home/khilmandev/Desktop/myattend/vendor/laravel/framework/src/Illuminate/Routing/Router.php(653): Illuminate\Routing\Route->run(Object(Illuminate\Http\Request))
#9 /home/khilmandev/Desktop/myattend/vendor/laravel/framework/src/Illuminate/Routing/Pipeline.php(53): Illuminate\Routing\Router->Illuminate\Routing\{closure}(Object(Illuminate\Http\Request))
#10 /home/khilmandev/Desktop/myattend/vendor/laravel/framework/src/Illuminate/Routing/Middleware/SubstituteBindings.php(41): Illuminate\Routing\Pipeline->Illuminate\Routing\{closure}(Object(Illuminate\Http\Request))
#11 /home/khilmandev/Desktop/myattend/vendor/laravel/framework/src/Illuminate/Pipeline/Pipeline.php(137): Illuminate\Routing\Middleware\SubstituteBindings->handle(Object(Illuminate\Http\Request), Object(Closure))
#12 /home/khilmandev/Desktop/myattend/vendor/laravel/framework/src/Illuminate/Routing/Pipeline.php(33): Illuminate\Pipeline\Pipeline->Illuminate\Pipeline\{closure}(Object(Illuminate\Http\Request))
#13 /home/khilmandev/Desktop/myattend/vendor/laravel/framework/src/Illuminate/Auth/Middleware/Authenticate.php(43): Illuminate\Routing\Pipeline->Illuminate\Routing\{closure}(Object(Illuminate\Http\Request))
#14 /home/khilmandev/Desktop/myattend/vendor/laravel/framework/src/Illuminate/Pipeline/Pipeline.php(137): Illuminate\Auth\Middleware\Authenticate->handle(Object(Illuminate\Http\Request), Object(Closure))
#15 /home/khilmandev/Desktop/myattend/vendor/laravel/framework/src/Illuminate/Routing/Pipeline.php(33): Illuminate\Pipeline\Pipeline->Illuminate\Pipeline\{closure}(Object(Illuminate\Http\Request))
#16 /home/khilmandev/Desktop/myattend/vendor/laravel/framework/src/Illuminate/Foundation/Http/Middleware/VerifyCsrfToken.php(65): Illuminate\Routing\Pipeline->Illuminate\Routing\{closure}(Object(Illuminate\Http\Request))
#17 /home/khilmandev/Desktop/myattend/vendor/laravel/framework/src/Illuminate/Pipeline/Pipeline.php(137): Illuminate\Foundation\Http\Middleware\VerifyCsrfToken->handle(Object(Illuminate\Http\Request), Object(Closure))
#18 /home/khilmandev/Desktop/myattend/vendor/laravel/framework/src/Illuminate/Routing/Pipeline.php(33): Illuminate\Pipeline\Pipeline->Illuminate\Pipeline\{closure}(Object(Illuminate\Http\Request))
#19 /home/khilmandev/Desktop/myattend/vendor/laravel/framework/src/Illuminate/View/Middleware/ShareErrorsFromSession.php(49): Illuminate\Routing\Pipeline->Illuminate\Routing\{closure}(Object(Illuminate\Http\Request))
#20 /home/khilmandev/Desktop/myattend/vendor/laravel/framework/src/Illuminate/Pipeline/Pipeline.php(137): Illuminate\View\Middleware\ShareErrorsFromSession->handle(Object(Illuminate\Http\Request), Object(Closure))
#21 /home/khilmandev/Desktop/myattend/vendor/laravel/framework/src/Illuminate/Routing/Pipeline.php(33): Illuminate\Pipeline\Pipeline->Illuminate\Pipeline\{closure}(Object(Illuminate\Http\Request))
#22 /home/khilmandev/Desktop/myattend/vendor/laravel/framework/src/Illuminate/Session/Middleware/StartSession.php(64): Illuminate\Routing\Pipeline->Illuminate\Routing\{closure}(Object(Illuminate\Http\Request))
#23 /home/khilmandev/Desktop/myattend/vendor/laravel/framework/src/Illuminate/Pipeline/Pipeline.php(137): Illuminate\Session\Middleware\StartSession->handle(Object(Illuminate\Http\Request), Object(Closure))
#24 /home/khilmandev/Desktop/myattend/vendor/laravel/framework/src/Illuminate/Routing/Pipeline.php(33): Illuminate\Pipeline\Pipeline->Illuminate\Pipeline\{closure}(Object(Illuminate\Http\Request))
#25 /home/khilmandev/Desktop/myattend/vendor/laravel/framework/src/Illuminate/Cookie/Middleware/AddQueuedCookiesToResponse.php(37): Illuminate\Routing\Pipeline->Illuminate\Routing\{closure}(Object(Illuminate\Http\Request))
#26 /home/khilmandev/Desktop/myattend/vendor/laravel/framework/src/Illuminate/Pipeline/Pipeline.php(137): Illuminate\Cookie\Middleware\AddQueuedCookiesToResponse->handle(Object(Illuminate\Http\Request), Object(Closure))
#27 /home/khilmandev/Desktop/myattend/vendor/laravel/framework/src/Illuminate/Routing/Pipeline.php(33): Illuminate\Pipeline\Pipeline->Illuminate\Pipeline\{closure}(Object(Illuminate\Http\Request))
#28 /home/khilmandev/Desktop/myattend/vendor/laravel/framework/src/Illuminate/Cookie/Middleware/EncryptCookies.php(59): Illuminate\Routing\Pipeline->Illuminate\Routing\{closure}(Object(Illuminate\Http\Request))
#29 /home/khilmandev/Desktop/myattend/vendor/laravel/framework/src/Illuminate/Pipeline/Pipeline.php(137): Illuminate\Cookie\Middleware\EncryptCookies->handle(Object(Illuminate\Http\Request), Object(Closure))
#30 /home/khilmandev/Desktop/myattend/vendor/laravel/framework/src/Illuminate/Routing/Pipeline.php(33): Illuminate\Pipeline\Pipeline->Illuminate\Pipeline\{closure}(Object(Illuminate\Http\Request))
#31 /home/khilmandev/Desktop/myattend/vendor/laravel/framework/src/Illuminate/Pipeline/Pipeline.php(104): Illuminate\Routing\Pipeline->Illuminate\Routing\{closure}(Object(Illuminate\Http\Request))
#32 /home/khilmandev/Desktop/myattend/vendor/laravel/framework/src/Illuminate/Routing/Router.php(655): Illuminate\Pipeline\Pipeline->then(Object(Closure))
#33 /home/khilmandev/Desktop/myattend/vendor/laravel/framework/src/Illuminate/Routing/Router.php(629): Illuminate\Routing\Router->runRouteWithinStack(Object(Illuminate\Routing\Route), Object(Illuminate\Http\Request))
#34 /home/khilmandev/Desktop/myattend/vendor/laravel/framework/src/Illuminate/Routing/Router.php(607): Illuminate\Routing\Router->dispatchToRoute(Object(Illuminate\Http\Request))
#35 /home/khilmandev/Desktop/myattend/vendor/laravel/framework/src/Illuminate/Foundation/Http/Kernel.php(268): Illuminate\Routing\Router->dispatch(Object(Illuminate\Http\Request))
#36 /home/khilmandev/Desktop/myattend/vendor/laravel/framework/src/Illuminate/Routing/Pipeline.php(53): Illuminate\Foundation\Http\Kernel->Illuminate\Foundation\Http\{closure}(Object(Illuminate\Http\Request))
#37 /home/khilmandev/Desktop/myattend/vendor/laravel/framework/src/Illuminate/Foundation/Http/Middleware/CheckForMaintenanceMode.php(46): Illuminate\Routing\Pipeline->Illuminate\Routing\{closure}(Object(Illuminate\Http\Request))
#38 /home/khilmandev/Desktop/myattend/vendor/laravel/framework/src/Illuminate/Pipeline/Pipeline.php(137): Illuminate\Foundation\Http\Middleware\CheckForMaintenanceMode->handle(Object(Illuminate\Http\Request), Object(Closure))
#39 /home/khilmandev/Desktop/myattend/vendor/laravel/framework/src/Illuminate/Routing/Pipeline.php(33): Illuminate\Pipeline\Pipeline->Illuminate\Pipeline\{closure}(Object(Illuminate\Http\Request))
#40 /home/khilmandev/Desktop/myattend/vendor/laravel/framework/src/Illuminate/Pipeline/Pipeline.php(104): Illuminate\Routing\Pipeline->Illuminate\Routing\{closure}(Object(Illuminate\Http\Request))
#41 /home/khilmandev/Desktop/myattend/vendor/laravel/framework/src/Illuminate/Foundation/Http/Kernel.php(150): Illuminate\Pipeline\Pipeline->then(Object(Closure))
#42 /home/khilmandev/Desktop/myattend/vendor/laravel/framework/src/Illuminate/Foundation/Http/Kernel.php(117): Illuminate\Foundation\Http\Kernel->sendRequestThroughRouter(Object(Illuminate\Http\Request))
#43 /home/khilmandev/Desktop/myattend/public/index.php(54): Illuminate\Foundation\Http\Kernel->handle(Object(Illuminate\Http\Request))
#44 /home/khilmandev/Desktop/myattend/server.php(21): require_once('/home/khilmande...')
#45 {main}  
